Venusaur
['Sleep Powder', 'Leaf Storm', 'Sludge Bomb', 'HP Ice', 'Swords Dance', 'Power Whip', 'Earthquake', 'Synthesis', 'Leech Seed']


Charizard
['Fire Blast', 'Flamethrower', 'Air Slash', 'Dragon Pulse', 'HP Grass', 'Roost']


Blastoise
['Surf', 'Ice Beam', 'Rapid Spin', 'Toxic', 'Roar', 'Rest', 'Sleep Talk']


Butterfree
['Sleep Powder', 'Stun Spore', 'U-Turn', 'Bug Buzz', 'Safeguard']


Beedrill
['Swords Dance', 'X-Scissor', 'Brick Break', 'Baton Pass', 'Poison Jab', 'U-Turn', 'Toxic Spikes']


Pidgeot
['Brave Bird', 'Double Edge', 'U-Turn', 'Pursuit', 'Quick Attack']


Raticate
['Facade', 'Sucker Punch', 'Crunch', 'U-Turn', 'Protect', 'Swords Dance']


Fearow
['Drill Peck', 'Double Edge', 'Return', 'U-Turn', 'Quick Attack', 'Pursuit']


Arbok
['Glare', 'Gunk Shot', 'Poison Jab', 'Earthquake', 'Seed Bomb', 'Crunch', 'Aqua Tail', 'Switcheroo']


Raichu
['Nasty Plot', 'Thunderbolt', 'HP Ice', 'Focus Blast', 'Encore', 'Grass Knot', 'Substitute', 'Focus Punch']


SandSlash
['Earthquake', 'Stone Edge', 'Swords Dance', 'Rapid Spin', 'Night Slash', 'Stealth Rock', 'Substitute']


Nidoqueen
['Toxic Spikes', 'Stealth Rock', 'Fire Blast', 'Roar', 'Ice Beam', 'Earthquake']


Nidoking
['Fire Blast', 'Thunderbolt', 'Ice Beam', 'Earthquake', 'Megahorn', 'Sucker Punch', 'Stealth Rock']


Clefable
['Fire Blast', 'Thunderbolt', 'Ice Beam', 'Double Edge', 'Stealth Rock', 'Soft Boiled', 'Calm Mind']


Ninetails
['Nasty Plot', 'Fire Blast', 'Flamethrower', 'Energy Ball', 'HP Rock', 'Hypnosis']


Wigglytuff
['Wish', 'Protect', 'Thunder Wave', 'Double Edge', 'Body Slam', 'Fire Blast', 'Heal Bell', 'Seismic Toss', 'Toxic', 'Stealth Rock']


Crobat
['Brave Bird', 'Roost', 'Super Fang', 'Taunt', 'Nasty Plot', 'Sludge Bomb', 'U-Turn', 'Heat Wave']


Vileplume
['Energy Ball', 'Sludge Bomb', 'Moonlight', 'Sleep Powder', 'Sunny Day', 'Solar Beam']


Bellossom
['Leaf Storm', 'Sludge Bomb', 'Moonlight', 'Sleep Powder', 'Sunny Day', 'Solar Beam', 'HP Fire']


Parasect
['Spore', 'Stun Spore', 'X-Scissor', 'Seed Bomb', 'Synthesis']


Venomoth
['Bug Buzz', 'Psychic', 'Substitute', 'Sleep Powder', 'Roost', 'Toxic Spikes', 'U-Turn', 'Stun Spore']


Dugtrio
['Earthquake', 'Stone Edge', 'Substitute', 'Night Slash', 'Sucker Punch']


Persian
['Nasty Plot', 'Hypnosis', 'Swift', 'Water Pulse', 'Fake Out', 'U-Turn', 'Return', 'Taunt', 'Bite']


Primeape
['Close Combat', 'U-Turn', 'Ice Punch', 'Stone Edge', 'Punishment', 'Encore']


Golduck
['Hydro Pump', 'Surf', 'Ice Beam', 'HP Grass', 'Encore', 'Calm Mind', 'Psychic']


Arcanine
['Flare Blitz', 'HP Grass', 'Extreme Speed', 'Thunder Fang', 'Morning Sun', 'Will-O-Wisp', 'Toxic']


Poliwrath
['Substitute', 'Focus Punch', 'Bulk Up', 'Brick Break', 'Waterfall', 'Toxic', 'Rest', 'Sleep Talk', 'Ice Punch', 'Encore']


Politoed
['Toxic', 'Encore', 'Protect', 'Ice Beam', 'Focus Blast', 'Surf', 'Hydro Pump', 'HP Grass']


Alakazam
['Signal Beam', 'Psychic', 'Focus Blast', 'Shadow Ball', 'HP Fire', 'Encore', 'Substitute', 'Trick']


Machamp
['Dynamic Punch', 'Payback', 'Bulk Up', 'Ice Punch', 'Stone Edge', 'Bullet Punch', 'Substitute']


Victreebel
['Leaf Storm', 'Sludge Bomb', 'Sleep Powder', 'Sucker Punch', 'Leaf Blade', 'Sunny Day', 'Solar Beam', 'Weather Ball']


Tentacruel
['Toxic Spikes', 'Rapid Spin', 'Surf', 'Sludge Bomb', 'Ice Beam', 'Hydro Pump']


Golem
['Stealth Rock', 'Earthquake', 'Stone Edge', 'Sucker Punch', 'Hammer Arm', 'Explosion']


Rapidash
['Flare Blitz', 'Morning Sun', 'Hypnosis', 'Megahorn', 'Will-O-Wisp']


Slowbro
['Surf', 'Calm Mind', 'Psychic', 'Rest', 'Sleep Talk', 'Thunder Wave', 'Toxic', 'Slack Off', 'Trick Room']


Slowking
['Surf', 'Ice Beam', 'Psychic', 'Thunder Wave', 'Toxic', 'Slack Off', 'Trick Room', 'Nasty Plot']


Magnezone
['Thunderbolt', 'Explosion', 'Magnet Rise', 'Substitute', 'Flash Cannon', 'HP Ice', 'HP Grass']


Farfetch’D
['Return', 'Swords Dance', 'Slash', 'Leaf Blade', 'Night Slash', 'Baton Pass', 'U-Turn']


Dodrio
['Brave Bird', 'Return', 'Double Edge', 'Roost', 'Quick Attack', 'Pursuit']


Dewgong
['Surf', 'Ice Beam', 'Rain Dance', 'Rest', 'Toxic', 'Encore']


Muk
['Curse', 'Gunk Shot', 'Poison Jab', 'Brick Break', 'Shadow Sneak', 'Payback', 'Explosion', 'Ice Punch', 'Rest', 'Sleep Talk']


Cloyster
['Surf', 'Rock Blast', 'Ice Shard', 'Rapid Spin', 'Spikes', 'Toxic Spikes', 'Explosion']


Gengar
['Shadow Ball', 'Sludge Bomb', 'Focus Blast', 'Thunderbolt', 'Substitute', 'Pain Split', 'Hypnosis', 'HP Fire', 'Trick']


Steelix
['Stealth Rock', 'Earthquake', 'Explosion', 'Curse', 'Roar', 'Toxic', 'Stone Edge', 'Gyro Ball']


Hypno
['Wish', 'Protect', 'Psychic', 'Seismic Toss', 'Thunder Wave', 'Toxic', 'Baton Pass', 'Calm Mind']


Kingler
['Crabhammer', 'Return', 'Swords Dance', 'Agility', 'X-Scissor', 'Superpower']


Electrode
['Signal Beam', 'Thunderbolt', 'Taunt', 'HP Ice', 'Explosion']


Exeggutor
['Sunny Day', 'Solar Beam', 'Explosion', 'Leaf Storm', 'Psychic', 'Sleep Powder', 'HP Fire', 'Synthesis']


Marowak
['Substitute', 'Earthquake', 'Double Edge', 'Thunder Punch', 'Swords Dance', 'Fire Punch']


Hitmonlee
['Sucker Punch', 'Stone Edge', 'Mach Punch', 'Substitute', 'Close Combat', 'Earthquake']


Hitmonchan
['Bulk Up', 'Drain Punch', 'Ice Punch', 'Mach Punch', 'Substitute', 'Close Combat', 'Stone Edge', 'Rapid Spin']


Hitmontop
['Sucker Punch', 'Mach Punch', 'Bulk Up', 'Rapid Spin', 'Close Combat', 'Stone Edge', 'Toxic']


Lickilicky
['Wish', 'Protect', 'Body Slam', 'Return', 'Earthquake', 'Aqua Tail', 'Heal Bell', 'Explosion']


Weezing
['Rest', 'Sleep Talk', 'Sludge Bomb', 'Will-O-Wisp', 'Pain Split', 'Fire Blast', 'Thunderbolt']


Rhyperior
['Stone Edge', 'Earthquake', 'Rock Polish', 'Megahorn', 'Stealth Rock', 'Ice Punch']


Blissey
['Wish', 'Soft Boiled', 'Protect', 'Toxic', 'Aromatherapy', 'Seismic Toss', 'Thunder Wave', 'Stealth Rock', 'Flamethrower', 'Ice Beam']


Tangrowth
['Sleep Powder', 'HP Ice', 'HP Fire', 'Leaf Storm', 'Stun Spore', 'Synthesis', 'Swords Dance', 'Rock Slide', 'Earthquake', 'Power Whip']


Kangaskhan
['Fake Out', 'Return', 'Hammer Arm', 'Double Edge', 'Sucker Punch', 'Earthquake', 'Substitute', 'Focus Punch']


Kingdra
['Hydro Pump', 'Ice Beam', 'Dragon Dance', 'Substitute', 'Outrage', 'Draco Meteor', 'Waterfall', 'Rest', 'Sleep Talk']


Seaking
['Rain Dance', 'Waterfall', 'Megahorn', 'Return', 'Ice Beam']


Starmie
['Surf', 'Hydro Pump', 'Thunderbolt', 'Ice Beam', 'Rapid Spin', 'Recover', 'Trick']


Mr. Mime
['Substitute', 'Focus Blast', 'Baton Pass', 'Psychic', 'Taunt', 'Nasty Plot', 'Shadow Ball', 'Thunderbolt', 'Encore']


Scyther
['Swords Dance', 'Roost', 'Bug Bite', 'Quick Attack', 'Brick Break', 'Endeavor', 'Baton Pass', 'U-Turn', 'Pursuit']


Scizor
['Swords Dance', 'Roost', 'Bullet Punch', 'Bug Bite', 'Superpower', 'U-Turn', 'Pursuit']


Jynx
['Ice Beam', 'Psychic', 'Focus Blast', 'Nasty Plot', 'Lovely Kiss', 'Substitute']


Electivire
['Cross Chop', 'Ice Punch', 'Thunderbolt', 'HP Grass', 'Flamethrower', 'Earthquake']


Magmortar
['Fire Blast', 'Substitute', 'Focus Blast', 'HP Grass', 'HP Ice', 'Thunderbolt']


Pinsir
['Swords Dance', 'X-Scissor', 'Earthquake', 'Close Combat', 'Stealth Rock', 'Stone Edge', 'Quick Attack']


Tauros
['Double Edge', 'Earthquake', 'Payback', 'Stone Edge', 'Pursuit', 'Return']


Gyarados
['Dragon Dance', 'Waterfall', 'Earthquake', 'Bounce', 'Rest', 'Sleep Talk', 'Stone Edge', 'Ice Fang']


Lapras
['Surf', 'Hydro Pump', 'Ice Beam', 'Thunderbolt', 'Heal Bell', 'Toxic', 'Dragon Dance', 'Substitute', 'Waterfall', 'Return', 'Zen Headbutt']


Ditto
['Transform']


Vaporeon
['Wish', 'Protect', 'Roar', 'Ice Beam', 'Toxic', 'Surf']


Jolteon
['Thunderbolt', 'HP Grass', 'HP Ice', 'Charge Beam', 'Baton Pass', 'Substitute', 'Shadow Ball']


Flareon
['Lava Plume', 'Fire Blast', 'Wish', 'Protect', 'HP Grass', 'Superpower', 'Toxic']


Espeon
['Psychic', 'Shadow Ball', 'HP Ground', 'Calm Mind', 'Morning Sun', 'Baton Pass', 'Substitute']


Umbreon
['Curse', 'Payback', 'Moonlight', 'Wish', 'Protect', 'Heal Bell', 'Toxic']


Leafeon
['Swords Dance', 'Leaf Blade', 'Substitute', 'Double Edge', 'Yawn', 'Synthesis', 'Heal Bell', 'Baton Pass']


Glaceon
['Ice Beam', 'HP Ground', 'HP Fire', 'Shadow Ball', 'Wish', 'Toxic', 'Protect']


Porygon2
['Tri Attack', 'Ice Beam', 'Recover', 'Toxic', 'Discharge']


Porygon-Z
['Tri Attack', 'Thunderbolt', 'Ice Beam', 'Dark Pulse', 'HP Fighting', 'Agility', 'Trick', 'Nasty Plot']


Omastar
['Surf', 'Ice Beam', 'Earth Power', 'Rain Dance', 'Spikes', 'Stealth Rock', 'Hydro Pump', 'HP Grass']


Kabutops
['Swords Dance', 'Waterfall', 'Aqua Jet', 'Stone Edge', 'Rapid Spin', 'Stealth Rock', 'Superpower']


Aerodactyl
['Stealth Rock', 'Taunt', 'Stone Edge', 'Rock Slide', 'Earthquake', 'Roost']


Snorlax
['Rest', 'Curse', 'Sleep Talk', 'Body Slam', 'Earthquake', 'Return', 'Fire Punch', 'Crunch', 'Self Destruct', 'Pursuit', 'Whirlwind']


Articuno
['Ice Beam', 'Roost', 'Roar', 'Heal Bell', 'Toxic', 'Substitute']


Zapdos
['Thunderbolt', 'Heat Wave', 'HP Grass', 'HP Ice', 'Roost', 'Toxic', 'Substitute', 'U-Turn']


Moltres
['Fire Blast', 'Flamethrower', 'HP Grass', 'Air Slash', 'Roost', 'Substitute', 'Toxic', 'U-Turn']


Dragonite
['Dragon Dance', 'Outrage', 'Fire Punch', 'Extreme Speed', 'Dragon Claw', 'Earthquake', 'Roost', 'Fire Blast', 'Superpower', 'Draco Meteor']


Mewtwo
['Psychic', 'Aura Sphere', 'Fire Blast', 'Ice Beam', 'Calm Mind', 'Trick', 'Recover', 'Will-O-Wisp', 'Taunt', 'Substitute', 'Self Destruct']


Mew
['Psychic', 'Aura Sphere', 'Flamethrower', 'Nasty Plot', 'Will-O-Wisp', 'U-Turn', 'Soft Boiled', 'Taunt', 'Stealth Rock', 'Explosion']


Meganium
['Reflect', 'Light Screen', 'Synthesis', 'Aromatherapy', 'Leech Seed', 'Toxic', 'Energy Ball']


Typhlosion
['Fire Blast', 'HP Grass', 'HP Rock', 'Eruption', 'Focus Blast']


Feraligatr
['Swords Dance', 'Aqua Jet', 'Waterfall', 'Ice Punch', 'Dragon Dance', 'Return', 'Earthquake', 'Low Kick']


Furret
['Return', 'Double Edge', 'Aqua Tail', 'Fire Punch', 'U-Turn', 'Sucker Punch', 'Trick', 'Brick Break', 'Shadow Claw']


Noctowl
['Roost', 'Whirlwind', 'Night Shade', 'Toxic', 'Reflect']


Ledian
['Roost', 'Reflect', 'Light Screen', 'Toxic', 'U-Turn', 'Encore']


Ariados
['Protect', 'Bug Bite', 'Toxic Spikes', 'Poison Jab', 'Shadow Sneak', 'Sucker Punch']


Lanturn
['Heal Bell', 'Confuse Ray', 'Ice Beam', 'Surf', 'Discharge', 'Thunder Wave', 'Toxic']


Togekiss
['Heal Bell', 'Roost', 'Nasty Plot', 'Air Slash', 'Aura Sphere', 'Fire Blast', 'Thunder Wave']


Xatu
['Wish', 'U-Turn', 'Calm Mind', 'Psychic', 'Heat Wave', 'Grass Knot', 'HP Fighting', 'Baton Pass', 'Trick', 'Roost']


Ampharos
['Substitute', 'HP Ice', 'Discharge', 'Thunderbolt', 'Focus Blast', 'Signal Beam']


Azumarill
['Waterfall', 'Aqua Jet', 'Return', 'Double Edge', 'Ice Punch', 'Superpower']


Sudowoodo
['Toxic', 'Stone Edge', 'Earthquake', 'Sucker Punch', 'Wood Hammer', 'Explosion', 'Stealth Rock']


Jumpluff
['Leech Seed', 'Substitute', 'Encore', 'Sleep Powder', 'U-Turn', 'Stun Spore', 'Toxic', 'Grass Knot', 'Bounce']


Ambipom
['Fake Out', 'Return', 'Payback', 'Low Kick', 'U-Turn', 'Pursuit']


Sunflora
['Leaf Storm', 'Synthesis', 'HP Ice', 'Earth Power']


Yanmega
['Bug Buzz', 'Air Slash', 'HP Ground', 'U-Turn', 'Protect', 'HP Fire']


Quagsire
['Recover', 'Earthquake', 'Encore', 'Toxic', 'Ice Punch', 'Waterfall', 'Yawn']


Honchkrow
['Superpower', 'Sucker Punch', 'Brave Bird', 'Heat Wave', 'Pursuit']


Mismagius
['Nasty Plot', 'Substitute', 'Taunt', 'Pain Split', 'Will-O-Wisp', 'Shadow Ball', 'Thunderbolt', 'HP Fighting']


Unown
['HP Psychic']


Wobbuffet
['Destiny Bond', 'Counter', 'Mirror Coat', 'Encore']


Girafarig
['Psychic', 'Thunderbolt', 'Calm Mind', 'Baton Pass', 'HP Fighting']


Forretress
['Rapid Spin', 'Stealth Rock', 'Toxic Spikes', 'Spikes', 'Gyro Ball', 'Earthquake', 'Explosion']


Dunsparce
['Rock Slide', 'Bite', 'Headbutt', 'Zen Headbutt', 'Thunder Wave', 'Body Slam', 'Roost']


Gliscor
['Swords Dance', 'Earthquake', 'Roost', 'Stone Edge', 'Taunt', 'U-Turn', 'Toxic', 'Stealth Rock']


Granbull
['Thunder Wave', 'Body Slam', 'Return', 'Crunch', 'Earthquake', 'Close Combat', 'Fire Punch', 'Heal Bell', 'Toxic']


Qwilfish
['Waterfall', 'Spikes', 'Toxic Spikes', 'Thunder Wave', 'Poison Jab', 'Explosion', 'Destiny Bond']


Shuckle
['Toxic', 'Encore', 'Knock Off', 'Rest', 'Protect', 'Stealth Rock']


Heracross
['Close Combat', 'Megahorn', 'Stone Edge', 'Night Slash', 'Substitute', 'Swords Dance']


Weavile
['Ice Shard', 'Ice Punch', 'Night Slash', 'Low Kick', 'Pursuit', 'Swords Dance']


Ursaring
['Swords Dance', 'Protect', 'Facade', 'Close Combat', 'Earthquake', 'Crunch']


Magcargo
['Recover', 'Lava Plume', 'Will-O-Wisp', 'Toxic', 'HP Rock', 'Stealth Rock', 'Fire Blast']


Mamoswine
['Ice Shard', 'Earthquake', 'Endeavor', 'Stone Edge', 'Superpower', 'Stealth Rock']


Corsola
['Recover', 'Toxic', 'Reflect', 'Surf', 'Stealth Rock']


Octillery
['Surf', 'Ice Beam', 'Energy Ball', 'Fire Blast', 'Substitute']


Delibird
['Rapid Spin', 'Ice Shard', 'Ice Punch', 'Endeavor']


Mantine
['Surf', 'Rest', 'Sleep Talk', 'Toxic']


Skarmory
['Whirlwind', 'Brave Bird', 'Roost', 'Spikes', 'Stealth Rock']


Houndoom
['Nasty Plot', 'Dark Pulse', 'Sucker Punch', 'Fire Blast', 'HP Grass']


Donphan
['Stealth Rock', 'Rapid Spin', 'Ice Shard', 'Earthquake', 'Seed Bomb', 'Stone Edge', 'Assurance']


Stantler
['Return', 'Megahorn', 'Energy Ball', 'Earthquake', 'Hypnosis', 'Sucker Punch']


Smeargle
['Spore', 'Spikes', 'Stealth Rock', 'U-Turn', 'Counter']


Miltank
['Milk Drink', 'Stealth Rock', 'Body Slam', 'Heal Bell', 'Curse', 'Earthquake']


Raikou
['Thunderbolt', 'HP Ice', 'Aura Sphere', 'Calm Mind', 'Shadow Ball']


Entei
['Extreme Speed', 'Flare Blitz', 'HP Grass', 'Stone Edge', 'Iron Head']


Suicune
['Surf', 'Ice Beam', 'HP Electric', 'Rest', 'Sleep Talk', 'Roar', 'Calm Mind']


Tyranitar
['Crunch', 'Stone Edge', 'Pursuit', 'Superpower', 'Earthquake', 'Dragon Dance', 'Ice Punch', 'Fire Blast', 'Ice Beam', 'Fire Punch', 'Stealth Rock']


Lugia
['Calm Mind', 'Aeroblast', 'Roost', 'Earth Power', 'Ice Beam', 'Whirlwind', 'Toxic', 'Substitute']


Ho-Oh
['Substitute', 'Sacred FIre', 'Brave Bird', 'Earthquake', 'Roost', 'Punishment']


Celebi
['Stealth Rock', 'Thunder Wave', 'Leaf Storm', 'HP Fire', 'Psychic', 'U-Turn', 'Recover', 'Nasty Plot', 'Energy Ball', 'Earth Power', 'Substitute', 'Leech Seed', 'Baton Pass']


Sceptile
['Substitute', 'Leech Seed', 'Energy Ball', 'HP Ice', 'HP Fire', 'Leaf Storm', 'Earthquake', 'Focus Blast']


Blaziken
['Flare Blitz', 'Superpower', 'Thunder Punch', 'Stone Edge', 'Low Kick', 'Vacuum Wave', 'Fire Blast', 'HP Ice', 'Agility']


Swampert
['Stealth Rock', 'Earthquake', 'Ice Beam', 'Roar', 'Waterfall', 'Stone Edge', 'Ice Punch']


Mightyena
['Sucker Punch', 'Return', 'Fire Fang', 'Taunt', 'Super Fang', 'Toxic']


Linoone
['Belly Drum', 'Extreme Speed', 'Seed Bomb', 'Shadow Claw']


Beautifly
['Bug Buzz', 'Psychic', 'U-Turn', 'HP Ground', 'Stun Spore']


Dustox
['Toxic', 'Roost', 'Whirlwind', 'Bug Buzz', 'Protect']


Ludicolo
['Rain Dance', 'Surf', 'Energy Ball', 'Ice Beam', 'Substitute', 'Leech Seed']


Shiftry
['Swords Dance', 'Seed Bomb', 'Sucker Punch', 'Low Kick', 'Explosion', 'Sunny Day', 'Solar Beam', 'Dark Pulse', 'HP Fire', 'Leaf Storm']


Swellow
['Brave Bird', 'Facade', 'Quick Attack', 'U-Turn', 'Protect']


Pelipper
['Hydro Pump', 'Surf', 'Air Slash', 'HP Grass', 'Toxic', 'Roost', 'U-Turn']


Gardevoir
['Psychic', 'Thunderbolt', 'Focus Blast', 'Will-O-Wisp', 'Shadow Ball', 'Calm Mind', 'Taunt']


Gallade
['Swords Dance', 'Close Combat', 'Psycho Cut', 'Stone Edge', 'Ice Punch', 'Shadow Sneak', 'Night Slash', 'Trick']


Masquerain
['Hydro Pump', 'Bug Buzz', 'Air Slash', 'Agility', 'Baton Pass', 'Roost']


Breloom
['Substitute', 'Focus Punch', 'Spore', 'Seed Bomb', 'Stone Edge', 'Leech Seed', 'Swords Dance', 'Mach Punch', 'Facade']


Vigoroth
['Bulk Up', 'Return', 'Earthquake', 'Night Slash', 'Low Kick', 'Sucker Punch', 'Slack Off', 'Encore', 'Substitute', 'Focus Punch']


Slaking
['Return', 'Earthquake', 'Pursuit', 'Fire Punch', 'Ice Punch', 'Double Edge', 'Night Slash']


Ninjask
['Baton Pass', 'Swords Dance', 'Substitute', 'Protect', 'X-Scissor']


Shedinja
['Swords Dance', 'Will-O-Wisp', 'X-Scissor', 'Shadow Sneak', 'Sucker Punch']


Exploud 
['Return', 'Crunch', 'Earthquake', 'Ice Beam', 'Surf', 'Fire Blast']


Hariyama
['Substitute', 'Focus Punch', 'Bullet Punch', 'Close Combat', 'Ice Punch', 'Stone Edge', 'Fake Out', 'Payback']


Probopass
['Stealth Rock', 'Thunder Wave', 'Toxic', 'Earth Power', 'Power Gem']


Delcatty
['Double Edge', 'Return', 'Wish', 'Thunder Wave', 'Sing', 'Heal Bell']


Sableye
['Recover', 'Will-O-Wisp', 'Taunt', 'Toxic', 'Night Shade', 'Seismic Toss']


Mawile
['Swords Dance', 'Iron Head', 'Focus Punch', 'Sucker Punch', 'Baton Pass', 'Substitute']


Aggron
['Rock Polish', 'Head Smash', 'Earthquake', 'Aqua Tail', 'Ice Punch', 'Low Kick']


Medicham
['High Jump Kick', 'Psycho Cut', 'Ice Punch', 'Thunder Punch', 'Trick', 'Fake Out', 'Bullet Punch']


Manectric
['Thunderbolt', 'HP Grass', 'Overheat', 'Switcheroo', 'Flamethrower']


Plusle
['Nasty Plot', 'Thunderbolt', 'Encore', 'Baton Pass', 'HP Ice']


Minun
['Nasty Plot', 'Thunderbolt', 'Encore', 'Baton Pass', 'HP Ice']


Volbeat
['Tail Glow', 'Baton Pass', 'Substitute', 'Bug Buzz', 'Encore']


Illumise
['HP Ice', 'HP Ground', 'U-Turn', 'Bug Buzz', 'Encore', 'Thunderbolt']


Roserade
['Sludge Bomb', 'HP Ice', 'Sleep Powder', 'Leaf Storm', 'Energy Ball', 'Spikes', 'Toxic Spikes', 'Rest', 'Leech Seed', 'HP Fire']


Swalot
['Sludge Bomb', 'Ice Beam', 'Earthquake', 'Explosion', 'Yawn', 'Encore', 'Toxic']


Sharpedo
['Hydro Pump', 'Ice Beam', 'Crunch', 'Earthquake', 'Waterfall', 'HP Grass', 'Aqua Jet']


Wailord
['Water Spout', 'Surf', 'Hydro Pump', 'Ice Beam', 'HP Grass', 'Self Destruct']


Camerupt
['Rock Polish', 'Fire Blast', 'Earth Power', 'Stone Edge', 'Lava Plume', 'Explosion', 'Earthquake', 'Stealth Rock']


Torkoal
['Rapid Spin', 'Stealth Rock', 'Yawn', 'Lava Plume', 'Earthquake', 'Toxic', 'Explosion']


Grumpig
['Calm Mind', 'Psychic', 'Focus Blast', 'Shadow Ball', 'Thunder Wave', 'Toxic', 'Heal Bell']


Spinda
['Substitute', 'Body Slam', 'Teeter Dance', 'Encore', 'Hypnosis', 'Seismic Toss', 'Toxic']


Flygon
['Earthquake', 'Outrage', 'Dragon Claw', 'U-Turn', 'Roost', 'Toxic', 'Stone Edge', 'Fire Blast', 'Fire Punch']


Cacturne
['Swords Dance', 'Substitute', 'Sucker Punch', 'Seed Bomb', 'Focus Punch', 'Low Kick', 'Encore', 'Spikes']


Altaria
['Dragon Dance', 'Outrage', 'Dragon Claw', 'Earthquake', 'Roost', 'Heal Bell', 'Fire Blast']


Zangoose
['Swords Dance', 'Close Combat', 'Shadow Claw', 'Quick Attack', 'Return']


Seviper
['Earthquake', 'Sucker Punch', 'Aqua Tail', 'Switcheroo', 'Flamethrower', 'Dark Pulse', 'Sludge Bomb']


Lunatone
['Psychic', 'Earth Power', 'Rock Polish', 'Baton Pass', 'Calm Mind', 'Shadow Ball', 'Substitute']


Solrock
['Stealth Rock', 'Explosion', 'Stone Edge', 'Zen Headbutt', 'Earthquake', 'Baton Pass', 'Rock Polish']


Whiscash
['Dragon Dance', 'Waterfall', 'Earthquake', 'Stone Edge']


Crawdaunt
['Dragon Dance', 'Waterfall', 'Crunch', 'Superpower', 'X-Scissor']


Claydol
['Stealth Rock', 'Explosion', 'Ice Beam', 'Earthquake', 'Rapid Spin', 'Reflect', 'Light Screen']


Cradily
['Stealth Rock', 'Toxic', 'Seed Bomb', 'Recover', 'Rest', 'Sleep Talk', 'Rock Slide', 'Earthquake', 'Curse']


Armaldo
['Stealth Rock', 'Rapid Spin', 'Stone Edge', 'Toxic', 'X-Scissor', 'Swords Dance', 'Earthquake', 'Rock Polish']


Milotic
['Recover', 'Surf', 'Haze', 'Toxic', 'Ice Beam', 'Rest', 'Sleep Talk']


Castform
['Ice Beam', 'Thunderbolt', 'Fire Blast', 'Energy Ball', 'Shadow Ball']


Kecleon
['Stealth Rock', 'Recover', 'Return', 'Aqua Tail', 'Thunder Wave', 'Toxic']


Banette
['Shadow Sneak', 'Destiny Bond', 'Taunt', 'Shadow Claw', 'Will-O-Wisp', 'Thunder Wave', 'HP Fighting']


Dusknoir
['Will-O-Wisp', 'Shadow Sneak', 'Ice Beam', 'Pain Split', 'Substitute', 'Earthquake', 'Focus Punch']


Tropius
['Swords Dance', 'Leaf Blade', 'Endeavor', 'Earthquake', 'Air Slash', 'Energy Ball', 'Whirlwind', 'Roost', 'Toxic']


Chimeco
['Psychic', 'Thunder Wave', 'Recover', 'Calm Mind', 'Signal Beam', 'HP Fire', 'Yawn']


Absol
['Swords Dance', 'Sucker Punch', 'Night Slash', 'Psycho Cut', 'Superpower', 'Pursuit']


Glalie
['Spikes', 'Ice Beam', 'Earthquake', 'Explosion', 'Taunt']


Froslass
['Ice Beam', 'Spikes', 'Destiny Bond', 'Shadow Ball', 'Taunt']


Walrein
['Protect', 'Toxic', 'Surf', 'Ice Beam', 'Roar', 'Encore', 'Rest', 'Sleep Talk']


Huntail
['Rain Dance', 'Surf', 'HP Grass', 'Hydro Pump', 'Double Edge', 'Ice Beam', 'Sucker Punch']


Gorebyss
['Surf', 'Hydro Pump', 'Ice Beam', 'HP Grass', 'Rain Dance']


Relicanth
['Head Smash', 'Waterfall', 'Aqua Tail', 'Earthquake', 'Double Edge', 'Rock Polish', 'Stealth Rock']


Luvdisc
['Surf', 'Ice Beam', 'Toxic', 'Sweet Kiss', 'Protect']


Salamence
['Outrage', 'Fire Blast', 'Earthquake', 'Draco Meteor', 'Roost', 'Dragon Dance']


Metagross
['Meteor Mash', 'Earthquake', 'Agility', 'Stealth Rock', 'Zen Headbutt', 'Bullet Punch', 'Explosion']


Regirock
['Stealth Rock', 'Thunder Wave', 'Stone Edge', 'Earthquake', 'Curse', 'Rest', 'Sleep Talk', 'Rock Slide', 'Explosion']


Regice
['Thunder Wave', 'Ice Beam', 'Thunderbolt', 'Rest', 'Sleep Talk', 'Focus Blast']


Registeel
['Stealth Rock', 'Iron Head', 'Curse', 'Rest', 'Sleep Talk', 'Thunder Wave', 'Toxic', 'Protect']


Latias
['Dragon Pulse', 'Psychic', 'Surf', 'Roost', 'Calm Mind', 'Refresh']


Latios
['Draco Meteor', 'Dragon Pulse', 'Surf', 'HP Fire', 'Psychic', 'Thunderbolt', 'Trick', 'Calm Mind', 'Roost']


Kyogre
['Water Spout', 'Surf', 'Thunder', 'Ice Beam', 'Calm Mind', 'Rest', 'Sleep Talk']


Groudon
['Earthquake', 'Stealth Rock', 'Stone Edge', 'Swords Dance', 'Rock Polish', 'Toxic', 'Overheat']


Rayquaza
['Outrage', 'Extreme Speed', 'Earthquake', 'Dragon Dance', 'Swords Dance', 'Overheat', 'Dragon Claw']


Jirachi
['Stealth Rock', 'Iron Head', 'Fire Punch', 'Substitute', 'Body Slam', 'Wish', 'U-Turn', 'Trick', 'Calm Mind', 'Psychic', 'Thunderbolt', 'Ice Punch', 'Flash Cannon']


Deoxys
['Psycho Boost', 'Superpower', 'Extreme Speed', 'Ice Beam', 'Spikes', 'Stealth Rock']


Deoxys-Attack
['Psycho Boost', 'Shadow Ball', 'Superpower', 'Extreme Speed', 'Ice Beam', 'HP Fire', 'Stealth Rock']


Deoxys-Defense
['Spikes', 'Stealth Rock', 'Recover', 'Taunt', 'Toxic', 'Seismic Toss']


Deoxys-Speed
['Spikes', 'Stealth Rock', 'Psycho Boost', 'Taunt', 'Light Screen', 'Reflect', 'Superpower']


Torterra
['Stealth Rock', 'Earthquake', 'Wood Hammer', 'Stone Edge', 'Rock Polish', 'Leech Seed', 'Roar', 'Synthesis']


Infernape
['Stealth Rock', 'Fire Blast', 'Close Combat', 'U-Turn', 'Grass Knot', 'Stone Edge', 'Mach Punch', 'Focus Blast', 'Swords Dance', 'Nasty Plot', 'HP Ice', 'Flare Blitz', 'Vacuum Wave']


Empoleon
['Stealth Rock', 'Hydro Pump', 'Surf', 'Ice Beam', 'HP Electric', 'Roar', 'Grass Knot', 'Agility']


Staraptor
['Brave Bird', 'Close Combat', 'Return', 'U-Turn', 'Pursuit', 'Quick Attack', 'Substitute', 'Roost', 'Double Edge']


Bibarel
['Waterfall', 'Quick Attack', 'Curse', 'Rest']


Kricketune
['Swords Dance', 'X-Scissor', 'Night Slash', 'Brick Break', 'Return']


Luxray
['Ice Fang', 'Thunderbolt', 'Crunch', 'Superpower', 'Toxic', 'Protect', 'Roar']


Rampardos
['Stone Edge', 'Earthquake', 'Zen Headbutt', 'Fire Punch', 'Rock Polish', 'Ice Beam']


Bastiodon
['Stealth Rock', 'Metal Burst', 'Earthquake', 'Rock Slide', 'Protect', 'Toxic', 'Roar']


Wormadam
['Leaf Storm', 'Signal Beam', 'HP Ice', 'HP Rock', 'Psychic']


Wormadam-Sandy
['Earthquake', 'Toxic', 'Sleep Talk', 'Rest']


Wormadam-Trash
['Stealth Rock', 'Toxic', 'Gyro Ball', 'Protect']


Mothim
['Bug Buzz', 'Air Slash', 'HP Ground', 'U-Turn', 'Shadow Ball', 'Roost']


Vespiquen
['Substitute', 'Roost', 'Toxic', 'Attack Order', 'Protect', 'Defend Order']


Pachirisu
['Light Screen', 'Discharge', 'Super Fang', 'Toxic', 'U-Turn']


Floatzel
['Waterfall', 'Return', 'Aqua Jet', 'Bulk Up', 'Baton Pass', 'Ice Punch', 'Crunch', 'Taunt']


Cherrim
['Energy Ball', 'Aromatherapy', 'Grass Whistle', 'HP Fire', 'HP Ground', 'Synthesis']


Cherrim-Sunshine
['Sunny Day', 'Solar Beam', 'Weather Ball', 'HP Ice']


Gastrodon
['Earth Power', 'Ice Beam', 'Surf', 'Toxic', 'Recover']


Drifblim
['Shadow Ball', 'Substitute', 'Calm Mind', 'Hypnosis', 'HP Fighting', 'Thunderbolt', 'Rest', 'Baton Pass']


Lopunny
['Encore', 'Return', 'Healing Wish', 'Toxic', 'Thunder Wave', 'Baton Pass', 'Substitute']


Purugly
['Fake Out', 'U-Turn', 'Shadow Claw', 'Taunt', 'Sucker Punch', 'Return']


Skuntank
['Pursuit', 'Sucker Punch', 'Crunch', 'Fire Blast', 'Explosion', 'Taunt', 'Poison Jab']


Bronzong
['Stealth Rock', 'Gyro Ball', 'Earthquake', 'Payback', 'Hypnosis', 'Reflect', 'Light Screen', 'Explosion']


Chatot
['Nasty Plot', 'Hyper Voice', 'Heat Wave', 'HP Grass', 'Encore', 'U-Turn']


Spiritomb
['Calm Mind', 'Dark Pulse', 'Rest', 'Sleep Talk', 'HP Fighting', 'Will-O-Wisp']


Garchomp
['Stealth Rock', 'Outrage', 'Dragon Claw', 'Earthquake', 'Stone Edge', 'Fire Fang', 'Swords Dance', 'Substitute']


Lucario
['Swords Dance', 'Close Combat', 'Crunch', 'Extreme Speed', 'Ice Punch', 'Stone Edge', 'Agility']


Hippowdon
['Earthquake', 'Slack Off', 'Roar', 'Stealth Rock', 'Toxic', 'Ice Fang', 'Stone Edge']


Drapion
['Swords Dance', 'Crunch', 'Earthquake', 'Aqua Tail', 'Whirlwind', 'Pursuit', 'Ice Fang', 'Taunt', 'Toxic Spikes']


Toxicroak
['Sucker Punch', 'Focus Punch', 'Substitute', 'Swords Dance', 'Cross Chop', 'Ice Punch']


Carnivine
['Swords Dance', 'Power Whip', 'Return', 'Sleep Powder', 'Substitute', 'Synthesis']


Lumineon
['Surf', 'U-Turn', 'Ice Beam', 'HP Electric', 'HP Grass', 'Rain Dance']


Abomasnow
['Blizzard', 'Ice Shard', 'Wood Hammer', 'Leech Seed', 'Substitute', 'Earthquake', 'HP Fire', 'Energy Ball']


Rotom
['Thunderbolt', 'Shadow Ball', 'Substitute', 'Pain Split', 'HP Fighting', 'HP Ice', 'Will-O-Wisp', 'Trick']


Rotom-Heat
['Thunderbolt', 'HP Ice', 'Shadow Ball', 'Will-O-Wisp', 'Overheat', 'Trick']


Rotom-Wash
['Thunderbolt', 'Substitute', 'Pain Split', 'Shadow Ball', 'HP Ice', 'Will-O-Wisp', 'Trick', 'Hydro Pump', 'Rest', 'Sleep Talk']


Rotom-Frost
['Thunderbolt', 'Shadow Ball', 'Trick', 'Blizzard', 'Substitute', 'Pain Split', 'Will-O-Wisp', 'Rest', 'Sleep Talk']


Rotom-Fan
['Discharge', 'Shadow Ball', 'Substitute', 'Pain Split', 'Rest', 'Sleep Talk', 'Air Slash', 'Will-O-Wisp', 'HP Ice']


Rotom-Mow
['Thunderbolt', 'HP Ice', 'Will-O-Wisp', 'Shadow Ball', 'Trick', 'Leaf Storm']


Uxie
['Reflect', 'Light Screen', 'U-Turn', 'Psychic', 'Thunder Wave', 'Yawn', 'Stealth Rock']


Mesprit
['HP Fire', 'Thunderbolt', 'Ice Beam', 'Psychic', 'Calm Mind', 'Substitute', 'Thunder Wave', 'U-Turn', 'Stealth Rock']


Azelf
['Stealth Rock', 'Fire Blast', 'Psychic', 'Explosion', 'U-Turn', 'Nasty Plot', 'Flamethrower', 'HP Fighting', 'Thunderbolt']


Dialga
['Stealth Rock', 'Draco Meteor', 'Toxic', 'Thunderbolt', 'Outrage', 'Fire Blast', 'Aura Sphere', 'Dragon Claw', 'Bulk Up', 'Earthquake', 'Rest', 'Sleep Talk']


Palkia
['Spacial Rend', 'Draco Meteor', 'Surf', 'Hydro Pump', 'Thunderbolt', 'Fire Blast', 'Aura Sphere']


Heatran
['Substitute', 'Fire Blast', 'Lava Plume', 'Stealth Rock', 'Earth Power', 'HP Grass', 'Dragon Pulse', 'Protect', 'Explosion', 'Roar']


Regigigas
['Thunder Wave', 'Substitute', 'Return', 'Earthquake', 'Fire Punch', 'Toxic', 'Confuse Ray']


Giratina
['Rest', 'Sleep Talk', 'Roar', 'Will-O-Wisp', 'Calm Mind', 'Dragon Pulse', 'Shadow Ball']


Giratina-Origin
['Draco Meteor', 'Shadow Sneak', 'HP Fire', 'Calm Mind', 'Substitute', 'Dragon Pulse', 'Shadow Ball', 'Aura Sphere', 'Outrage']


Cresselia
['Moonlight', 'Psychic', 'HP Fire', 'Ice Beam', 'Thunder Wave', 'Toxic', 'Substitute', 'Calm Mind', 'Reflect', 'Light Screen']


Phione
['Rain Dance', 'Toxic', 'Rest', 'Ice Beam', 'Surf']


Manaphy
['Tail Glow', 'Surf', 'Ice Beam', 'Energy Ball']


Darkrai
['Dark Void', 'Dark Pulse', 'Focus Blast', 'Nasty Plot', 'Substitute']


Shaymin
['Seed Flare', 'Earth Power', 'HP Ice', 'HP Fire', 'Rest', 'Substitute', 'Leech Seed']


Shaymin-Sky
['Seed Flare', 'Earth Power', 'Air Slash', 'HP Ice', 'HP Fire', 'Substitute', 'Leech Seed']


Arceus
['Swords Dance', 'Extreme Speed', 'Shadow Claw', 'Earthquake', 'Recover']


Arceus-Bug
['Swords Dance', 'X-Scissor', 'Stone Edge', 'Earthquake', 'Recover']


Arceus-Dark
['Calm Mind', 'Judgment', 'Focus Blast', 'Recover', 'Refresh']


Arceus-Dragon
['Swords Dance', 'Dragon Claw', 'Earthquake', 'Recover', 'Overheat']


Arceus-Electric
['Calm Mind', 'Judgment', 'Recover', 'Ice Beam', 'Earth Power']


Arceus-Fighting
['Calm Mind', 'Judgment', 'Ice Beam', 'Dark Pulse', 'Recover']


Arceus-Fire
['Calm Mind', 'Judgment', 'Earth Power', 'Thunderbolt', 'Recover']


Arceus-Flying
['Calm Mind', 'Judgment', 'Refresh', 'Earth Power', 'Recover']


Arceus-Ghost
['Calm Mind', 'Recover', 'Focus Blast', 'Judgment', 'Flamethrower', 'Will-O-Wisp', 'Roar']


Arceus-Grass
['Calm Mind', 'Ice Beam', 'Judgment', 'Earth Power', 'Recover', 'Thunder Wave']


Arceus-Ground
['Calm Mind', 'Judgment', 'Ice Beam', 'Thunderbolt', 'Recover']


Arceus-Ice
['Calm Mind', 'Judgment', 'Earth Power', 'Thunderbolt', 'Flamethrower', 'Recover']


Arceus-Poison
['Calm Mind', 'Judgment', 'Earth Power', 'Recover', 'Will-O-Wisp', 'Roar']


Arceus-Psychic
['Calm Mind', 'Focus Blast', 'Recover', 'Shadow Ball', 'Judgment']


Arceus-Rock
['Calm Mind', 'Judgment', 'Earth Power', 'Will-O-Wisp', 'Recover']


Arceus-Steel
['Swords Dance', 'Iron Head', 'Earthquake', 'Recover']


Arceus-Water
['Recover', 'Calm Mind', 'Judgment', 'Ice Beam', 'Thunderbolt', 'Will-O-Wisp', 'Refresh']


