Qwilfish was generated 114 out of 30294
Luvdisc was generated 93 out of 30294
Heracross was generated 137 out of 30294
Swellow was generated 111 out of 30294
Abomasnow was generated 106 out of 30294
Torkoal was generated 104 out of 30294
Whiscash was generated 141 out of 30294
Carnivine was generated 113 out of 30294
Huntail was generated 128 out of 30294
Moltres was generated 112 out of 30294
Jolteon was generated 119 out of 30294
Glaceon was generated 113 out of 30294
Armaldo was generated 107 out of 30294
Kabutops was generated 124 out of 30294
Magnezone was generated 136 out of 30294
Houndoom was generated 115 out of 30294
Machamp was generated 116 out of 30294
Mr. Mime was generated 103 out of 30294
Rotom was generated 116 out of 30294
Ludicolo was generated 107 out of 30294
Hippowdon was generated 110 out of 30294
Articuno was generated 116 out of 30294
Furret was generated 69 out of 30294
Hitmontop was generated 116 out of 30294
Jumpluff was generated 111 out of 30294
Heatran was generated 130 out of 30294
Exeggutor was generated 112 out of 30294
Rampardos was generated 146 out of 30294
Regice was generated 110 out of 30294
Medicham was generated 127 out of 30294
Raticate was generated 79 out of 30294
Suicune was generated 88 out of 30294
Pelipper was generated 120 out of 30294
Shiftry was generated 109 out of 30294
Zapdos was generated 129 out of 30294
Deoxys was generated 384 out of 30294
Octillery was generated 101 out of 30294
Weezing was generated 123 out of 30294
Regigigas was generated 89 out of 30294
Pidgeot was generated 117 out of 30294
Blaziken was generated 131 out of 30294
Slaking was generated 85 out of 30294
Electrode was generated 121 out of 30294
Camerupt was generated 132 out of 30294
Gorebyss was generated 86 out of 30294
Flareon was generated 128 out of 30294
Purugly was generated 91 out of 30294
Charizard was generated 124 out of 30294
Donphan was generated 107 out of 30294
Weavile was generated 132 out of 30294
Mightyena was generated 127 out of 30294
Clefable was generated 82 out of 30294
Bellossom was generated 111 out of 30294
Swalot was generated 119 out of 30294
Mothim was generated 113 out of 30294
Dusknoir was generated 117 out of 30294
Chatot was generated 107 out of 30294
Chimecho was generated 91 out of 30294
Golduck was generated 108 out of 30294
Cradily was generated 129 out of 30294
Infernape was generated 139 out of 30294
Yanmega was generated 90 out of 30294
Gastrodon was generated 103 out of 30294
Kricketune was generated 130 out of 30294
Lapras was generated 110 out of 30294
Gliscor was generated 120 out of 30294
Ditto was generated 59 out of 30294
Kyogre was generated 121 out of 30294
Drapion was generated 118 out of 30294
Unown was generated 109 out of 30294
Mismagius was generated 110 out of 30294
Espeon was generated 101 out of 30294
Ariados was generated 112 out of 30294
Ambipom was generated 84 out of 30294
Kingdra was generated 124 out of 30294
Dialga was generated 118 out of 30294
Shuckle was generated 142 out of 30294
Dodrio was generated 104 out of 30294
Relicanth was generated 119 out of 30294
Altaria was generated 112 out of 30294
Shedinja was generated 141 out of 30294
Probopass was generated 122 out of 30294
Garchomp was generated 111 out of 30294
Slowbro was generated 105 out of 30294
Rayquaza was generated 108 out of 30294
Victreebel was generated 119 out of 30294
Skuntank was generated 122 out of 30294
Wormadam was generated 349 out of 30294
Tentacruel was generated 119 out of 30294
Rhyperior was generated 120 out of 30294
Vespiquen was generated 123 out of 30294
Crobat was generated 124 out of 30294
Seaking was generated 101 out of 30294
Dewgong was generated 123 out of 30294
Empoleon was generated 115 out of 30294
Delcatty was generated 71 out of 30294
Sudowoodo was generated 123 out of 30294
Registeel was generated 104 out of 30294
Sceptile was generated 107 out of 30294
Golem was generated 124 out of 30294
Torterra was generated 136 out of 30294
Arcanine was generated 124 out of 30294
Ninjask was generated 109 out of 30294
Pinsir was generated 117 out of 30294
Wobbuffet was generated 113 out of 30294
Milotic was generated 95 out of 30294
Beedrill was generated 126 out of 30294
Staraptor was generated 108 out of 30294
Umbreon was generated 124 out of 30294
Wailord was generated 100 out of 30294
Drifblim was generated 123 out of 30294
Dustox was generated 95 out of 30294
Celebi was generated 109 out of 30294
Nidoking was generated 121 out of 30294
Exploud was generated 105 out of 30294
Dugtrio was generated 100 out of 30294
Salamence was generated 123 out of 30294
Manaphy was generated 119 out of 30294
Starmie was generated 121 out of 30294
Toxicroak was generated 126 out of 30294
Darkrai was generated 126 out of 30294
Froslass was generated 115 out of 30294
Solrock was generated 117 out of 30294
Corsola was generated 106 out of 30294
Slowking was generated 96 out of 30294
Spinda was generated 98 out of 30294
Banette was generated 120 out of 30294
Stantler was generated 93 out of 30294
Raikou was generated 101 out of 30294
Beautifly was generated 92 out of 30294
Porygon2 was generated 77 out of 30294
Volbeat was generated 110 out of 30294
Raichu was generated 111 out of 30294
Roserade was generated 141 out of 30294
Minun was generated 110 out of 30294
Arceus was generated 113 out of 30294
Mawile was generated 115 out of 30294
Delibird was generated 135 out of 30294
Jirachi was generated 134 out of 30294
Politoed was generated 100 out of 30294
Masquerain was generated 106 out of 30294
Hypno was generated 91 out of 30294
Aerodactyl was generated 112 out of 30294
Flygon was generated 117 out of 30294
Snorlax was generated 83 out of 30294
Wigglytuff was generated 92 out of 30294
Azelf was generated 105 out of 30294
Lunatone was generated 112 out of 30294
Cherrim was generated 101 out of 30294
Metagross was generated 130 out of 30294
Gyarados was generated 116 out of 30294
Scyther was generated 105 out of 30294
Blissey was generated 87 out of 30294
Scizor was generated 120 out of 30294
Leafeon was generated 109 out of 30294
Girafarig was generated 108 out of 30294
Muk was generated 134 out of 30294
Meganium was generated 115 out of 30294
Mewtwo was generated 98 out of 30294
Dunsparce was generated 95 out of 30294
Sandslash was generated 113 out of 30294
Miltank was generated 95 out of 30294
Poliwrath was generated 105 out of 30294
Sableye was generated 136 out of 30294
Giratina was generated 134 out of 30294
Lopunny was generated 83 out of 30294
Bastiodon was generated 109 out of 30294
Parasect was generated 108 out of 30294
Venomoth was generated 99 out of 30294
Cresselia was generated 100 out of 30294
Seviper was generated 111 out of 30294
Mamoswine was generated 118 out of 30294
Shaymin was generated 234 out of 30294
Phione was generated 103 out of 30294
Xatu was generated 96 out of 30294
Grumpig was generated 91 out of 30294
Vaporeon was generated 84 out of 30294
Gallade was generated 123 out of 30294
Honchkrow was generated 119 out of 30294
Magcargo was generated 103 out of 30294
Illumise was generated 115 out of 30294
Tangrowth was generated 112 out of 30294
Lanturn was generated 114 out of 30294
Tyranitar was generated 127 out of 30294
Bronzong was generated 132 out of 30294
Porygon-Z was generated 102 out of 30294
Regirock was generated 127 out of 30294
Arbok was generated 132 out of 30294
Mesprit was generated 105 out of 30294
Hitmonchan was generated 114 out of 30294
Glalie was generated 137 out of 30294
Tropius was generated 102 out of 30294
Pachirisu was generated 127 out of 30294
Lumineon was generated 119 out of 30294
Gardevoir was generated 99 out of 30294
Manectric was generated 108 out of 30294
Magmortar was generated 106 out of 30294
Bibarel was generated 110 out of 30294
Electivire was generated 100 out of 30294
Vigoroth was generated 112 out of 30294
Tauros was generated 104 out of 30294
Zangoose was generated 78 out of 30294
Lugia was generated 117 out of 30294
Alakazam was generated 101 out of 30294
Butterfree was generated 93 out of 30294
Persian was generated 95 out of 30294
Mew was generated 81 out of 30294
Typhlosion was generated 124 out of 30294
Groudon was generated 134 out of 30294
Steelix was generated 112 out of 30294
Jynx was generated 126 out of 30294
Smeargle was generated 91 out of 30294
Sharpedo was generated 107 out of 30294
Forretress was generated 121 out of 30294
Blastoise was generated 107 out of 30294
Kecleon was generated 108 out of 30294
Latias was generated 128 out of 30294
Ledian was generated 109 out of 30294
Swampert was generated 119 out of 30294
Luxray was generated 119 out of 30294
Breloom was generated 122 out of 30294
Crawdaunt was generated 117 out of 30294
Primeape was generated 94 out of 30294
Farfetch’d was generated 114 out of 30294
Entei was generated 111 out of 30294
Azumarill was generated 95 out of 30294
Mantine was generated 118 out of 30294
Vileplume was generated 109 out of 30294
Aggron was generated 115 out of 30294
Noctowl was generated 108 out of 30294
Sunflora was generated 136 out of 30294
Cloyster was generated 122 out of 30294
Feraligatr was generated 86 out of 30294
Palkia was generated 98 out of 30294
Gengar was generated 124 out of 30294
Nidoqueen was generated 113 out of 30294
Uxie was generated 107 out of 30294
Skarmory was generated 117 out of 30294
Spiritomb was generated 144 out of 30294
Togekiss was generated 105 out of 30294
Hariyama was generated 110 out of 30294
Kingler was generated 92 out of 30294
Kangaskhan was generated 91 out of 30294
Hitmonlee was generated 122 out of 30294
Ninetales was generated 123 out of 30294
Claydol was generated 133 out of 30294
Floatzel was generated 105 out of 30294
Omastar was generated 118 out of 30294
Cacturne was generated 119 out of 30294
Venusaur was generated 97 out of 30294
Rapidash was generated 107 out of 30294
Ursaring was generated 101 out of 30294
Linoone was generated 97 out of 30294
Ho-Oh was generated 125 out of 30294
Lucario was generated 117 out of 30294
Castform was generated 28 out of 30294
Marowak was generated 96 out of 30294
Walrein was generated 115 out of 30294
Fearow was generated 120 out of 30294
Lickilicky was generated 79 out of 30294
Granbull was generated 79 out of 30294
Dragonite was generated 125 out of 30294
Latios was generated 122 out of 30294
Quagsire was generated 102 out of 30294
Absol was generated 115 out of 30294
Plusle was generated 123 out of 30294
Ampharos was generated 102 out of 30294
