Suicune
Chimecho
Slowking
Pelipper
Bastiodon
Dodrio
Suicune||leftovers|pressure|icebeam,hiddenpowerelectric,surf,calmmind||85,,85,85,85,85|N|,3,,,,||75|]Chimecho||lifeorb|levitate|calmmind,signalbeam,psychic,hiddenpowerfire||85,,85,85,85,85||,3,,,,||83|]Slowking||leftovers|owntempo|nastyplot,psychic,icebeam,surf||85,,85,85,85,85||,0,,,,||83|]Pelipper||leftovers|keeneye|roost,toxic,hiddenpowergrass,surf||85,,85,85,85,85||,3,,,,||83|]Bastiodon||leftovers|sturdy|rockslide,earthquake,stealthrock,metalburst||85,85,85,85,85,85||||83|]Dodrio||choiceband|earlybird|bravebird,pursuit,return,quickattack||85,85,85,85,85,85||||83|
Arcanine
Shaymin
Celebi
Manaphy
Gardevoir
Quagsire
Arcanine||lifeorb|flashfire|extremespeed,toxic,thunderfang,flareblitz||81,85,85,85,85,85||||79|]Shaymin|shayminsky|leftovers|serenegrace|airslash,hiddenpowerice,substitute,seedflare||85,,85,85,85,85|N|,3,,,,||71|]Celebi||leftovers|naturalcure|nastyplot,psychic,hiddenpowerfire,recover||85,,85,85,85,85|N|,3,,,,||75|]Manaphy||leftovers|hydration|tailglow,energyball,icebeam,surf||85,,85,85,85,85|N|,0,,,,||71|]Gardevoir||choicespecs|trace|psychic,shadowball,thunderbolt,focusblast||85,,85,85,85,85||,0,,,,||83|]Quagsire||leftovers|waterabsorb|earthquake,recover,toxic,waterfall||85,85,85,85,85,85||||83|
Delcatty
Flygon
Shiftry
Cacturne
Pidgeot
Forretress
Raichu
Delcatty||leftovers|cutecharm|return,thunderwave,sing,doubleedge||85,85,85,85,85,85||||83|]Flygon||lifeorb|levitate|outrage,uturn,roost,earthquake||85,85,85,85,85,85||||75|]Shiftry||lifeorb|chlorophyll|leafstorm,hiddenpowerfire,darkpulse,suckerpunch||85,85,85,85,85,85||||83|]Pidgeot||choicescarf|keeneye|doubleedge,bravebird,uturn,pursuit||85,85,85,85,85,85||||83|]Forretress||leftovers|sturdy|gyroball,rapidspin,spikes,earthquake||85,85,85,85,85,||,,,,,0||75|]Raichu||leftovers|static|focuspunch,substitute,hiddenpowerice,thunderbolt||85,85,85,85,85,85||||83|
Lucario
Electivire
Tropius
Wormadam
Armaldo
Whiscash
Lucario||focussash|innerfocus|crunch,closecombat,agility,icepunch||85,85,85,85,85,85||||75|]Electivire||expertbelt|motordrive|hiddenpowergrass,crosschop,icepunch,thunderbolt||85,85,85,85,85,85||||75|]Tropius||leftovers|chlorophyll|swordsdance,earthquake,leafblade,aerialace||81,85,85,85,85,85||||83|]Wormadam||choicespecs|anticipation|signalbeam,hiddenpowerrock,leafstorm,psychic||85,,85,85,85,85|F|,3,,,,||83|]Armaldo||leftovers|battlearmor|rockpolish,earthquake,swordsdance,stoneedge||81,85,85,85,85,85||||83|]Whiscash||lifeorb|anticipation|earthquake,stoneedge,waterfall,dragondance||85,85,85,85,85,85||||83|
Leafeon
Ledian
Claydol
Lickilicky
Xatu
Gorebyss
Leafeon||leftovers|leafguard|synthesis,yawn,doubleedge,leafblade||85,85,85,85,85,85||||79|]Ledian||lightclay|swarm|encore,reflect,uturn,lightscreen||85,85,85,85,85,85||||83|]Claydol||leftovers|levitate|icebeam,lightscreen,stealthrock,earthquake||85,85,85,85,85,85|N|||79|]Lickilicky||leftovers|owntempo|return,earthquake,healbell,aquatail||85,85,85,85,85,85||||83|]Xatu||lifeorb|synchronize|heatwave,roost,hiddenpowerfighting,psychic||81,,85,85,85,85||,3,,,,||83|]Gorebyss||lifeorb|swiftswim|raindance,icebeam,surf,hiddenpowergrass||85,,85,85,85,85||,3,,,,||83|
Miltank
Sudowoodo
Stantler
Granbull
Articuno
Aerodactyl
Slowking
Manaphy
Miltank||leftovers|scrappy|earthquake,bodyslam,curse,milkdrink||85,85,85,85,85,85|F|||79|]Sudowoodo||leftovers|rockhead|woodhammer,toxic,stealthrock,stoneedge||85,85,85,85,85,85||||83|]Articuno||leftovers|pressure|toxic,healbell,icebeam,roost||85,,85,85,85,85|N|,0,,,,||83|]Aerodactyl||leftovers|pressure|roost,stoneedge,earthquake,taunt||81,85,85,85,85,85||||75|]Slowking||leftovers|owntempo|surf,icebeam,thunderwave,psychic||85,,85,85,85,85||,0,,,,||83|]Manaphy||leftovers|hydration|energyball,surf,tailglow,icebeam||85,,85,85,85,85|N|,0,,,,||71|
Regigigas
Mismagius
Mothim
Banette
Gallade
Nidoqueen
Heracross
Regigigas||leftovers|slowstart|return,toxic,substitute,confuseray||85,85,85,85,85,85|N|||83|]Mismagius||leftovers|levitate|substitute,willowisp,painsplit,shadowball||85,,85,85,85,85||,0,,,,||79|]Mothim||choicescarf|swarm|hiddenpowerground,uturn,bugbuzz,shadowball||81,85,85,85,85,85|M|||83|]Gallade||choiceband|steadfast|shadowsneak,icepunch,nightslash,closecombat||85,85,85,85,85,85|M|||77|]Nidoqueen||blacksludge|poisonpoint|toxicspikes,earthquake,fireblast,roar||85,85,85,85,85,85|F|||83|]Heracross||toxicorb|guts|stoneedge,megahorn,swordsdance,closecombat||85,85,85,85,85,85||||77|
Pachirisu
Charizard
Regirock
Mawile
Electivire
Deoxys
Beautifly
Pachirisu||focussash|pickup|uturn,superfang,discharge,lightscreen||85,85,85,85,85,85||||83|]Charizard||lifeorb|blaze|roost,airslash,dragonpulse,flamethrower||85,,85,85,85,85||,0,,,,||83|]Regirock||leftovers|clearbody|rest,sleeptalk,rockslide,earthquake||85,85,85,85,85,85|N|||83|]Mawile||leftovers|intimidate|substitute,ironhead,swordsdance,focuspunch||85,85,85,85,85,85||||83|]Deoxys||lifeorb|pressure|extremespeed,stealthrock,icebeam,psychoboost||85,85,85,85,85,85|N|||71|]Beautifly||lifeorb|swarm|psychic,hiddenpowerground,stunspore,bugbuzz||85,,85,85,85,85||,3,,,,||83|
Ambipom
Yanmega
Ninjask
Gallade
Pinsir
Shaymin
Gliscor
Ambipom||focussash|technician|fakeout,lowkick,payback,return||85,85,85,85,85,85||||79|]Yanmega||choicespecs|tintedlens|hiddenpowerfire,airslash,uturn,bugbuzz||85,85,85,85,85,85||||77|]Gallade||choiceband|steadfast|psychocut,shadowsneak,stoneedge,closecombat||85,85,85,85,85,85|M|||77|]Pinsir||lifeorb|moldbreaker|swordsdance,closecombat,xscissor,earthquake||81,85,85,85,85,85||||83|]Shaymin||leftovers|naturalcure|hiddenpowerice,seedflare,rest,earthpower||85,,85,85,85,85|N|,3,,,,||75|]Gliscor||leftovers|hypercutter|toxic,stoneedge,earthquake,uturn||85,85,85,85,85,85||||75|
Lucario
Toxicroak
Regice
Ditto
Manectric
Meganium
Lucario||choiceband|innerfocus|closecombat,crunch,extremespeed,icepunch||85,85,85,85,85,85||||75|]Toxicroak||blacksludge|dryskin|substitute,icepunch,focuspunch,suckerpunch||85,85,85,85,85,85||||79|]Regice||leftovers|clearbody|thunderbolt,icebeam,thunderwave,focusblast||81,,85,85,85,85|N|,0,,,,||83|]Ditto||lifeorb|limber|transform||85,85,85,85,85,85|N|||99|]Manectric||choicescarf|static|hiddenpowergrass,thunderbolt,overheat,switcheroo||85,,85,85,85,85||,3,,,,||83|]Meganium||leftovers|overgrow|synthesis,lightscreen,leechseed,energyball||85,,85,85,85,85||,0,,,,||83|
