  {
    name: 'Illumise',
    species: 'Illumise',
    gender: 'F',
    moves: [ 'bugbuzz', 'hiddenpowerground', 'encore', 'thunderbolt' ],
    ability: 'Tinted Lens',
    evs: { hp: 81, atk: 0, def: 85, spa: 85, spd: 85, spe: 85 },
    ivs: { hp: 31, atk: 3, def: 31, spa: 31, spd: 31, spe: 31 },
    item: 'Focus Sash',
    level: 83,
  },
  {
    name: 'Gastrodon',
    species: 'Gastrodon-East',
    gender: '',
    moves: [ 'recover', 'earthpower', 'toxic', 'surf' ],
    ability: 'Sticky Hold',
    evs: { hp: 85, atk: 0, def: 85, spa: 85, spd: 85, spe: 85 },
    ivs: { hp: 31, atk: 0, def: 31, spa: 31, spd: 31, spe: 31 },
    item: 'Leftovers',
    level: 83,
  },
  {
    name: 'Wormadam',
    species: 'Wormadam-Trash',
    gender: 'F',
    moves: [ 'protect', 'gyroball', 'toxic', 'stealthrock' ],
    ability: 'Anticipation',
    evs: { hp: 85, atk: 85, def: 85, spa: 85, spd: 85, spe: 0 },
    ivs: { hp: 31, atk: 31, def: 31, spa: 31, spd: 31, spe: 0 },
    item: 'Leftovers',
    level: 83,
  },
  {
    name: 'Raticate',
    species: 'Raticate',
    gender: '',
    moves: [ 'facade', 'crunch', 'uturn', 'protect' ],
    ability: 'Guts',
    evs: { hp: 85, atk: 85, def: 85, spa: 85, spd: 85, spe: 85 },
    ivs: { hp: 31, atk: 31, def: 31, spa: 31, spd: 31, spe: 31 },
    item: 'Toxic Orb',
    level: 83,
  },
  {
    name: 'Dugtrio',
    species: 'Dugtrio',
    gender: '',
    moves: [ 'earthquake', 'nightslash', 'stoneedge', 'substitute' ],
    ability: 'Arena Trap',
    evs: { hp: 85, atk: 85, def: 85, spa: 85, spd: 85, spe: 85 },
    ivs: { hp: 31, atk: 31, def: 31, spa: 31, spd: 31, spe: 31 },
    item: 'Life Orb',
    level: 79,
  },
  {
    name: 'Raichu',
    species: 'Raichu',
    gender: '',
    moves: [ 'nastyplot', 'hiddenpowerice', 'substitute', 'thunderbolt' ],
    ability: 'Static',
    evs: { hp: 85, atk: 0, def: 85, spa: 85, spd: 85, spe: 85 },
    ivs: { hp: 31, atk: 3, def: 31, spa: 31, spd: 31, spe: 31 },
    item: 'Leftovers',
    level: 83,
  {
    name: 'Pidgeot',
    species: 'Pidgeot',
    gender: '',
    moves: [ 'doubleedge', 'quickattack', 'uturn', 'bravebird' ],
    ability: 'Keen Eye',
    evs: { hp: 85, atk: 85, def: 85, spa: 85, spd: 85, spe: 85 },
    ivs: { hp: 31, atk: 31, def: 31, spa: 31, spd: 31, spe: 31 },
    item: 'Choice Band',
    level: 83,
  },
  {
    name: 'Charizard',
    species: 'Charizard',
    gender: '',
    moves: [ 'flamethrower', 'dragonpulse', 'airslash', 'hiddenpowergrass' ],
    ability: 'Blaze',
    evs: { hp: 85, atk: 0, def: 85, spa: 85, spd: 85, spe: 85 },
    ivs: { hp: 31, atk: 3, def: 31, spa: 31, spd: 31, spe: 31 },
    item: 'Choice Scarf',
    level: 83,
  },
  {
    name: 'Rhyperior',
    species: 'Rhyperior',
    gender: '',
    moves: [ 'icepunch', 'rockpolish', 'earthquake', 'stoneedge' ],
    ability: 'Solid Rock',
    evs: { hp: 85, atk: 85, def: 85, spa: 85, spd: 85, spe: 85 },
    ivs: { hp: 31, atk: 31, def: 31, spa: 31, spd: 31, spe: 31 },
    item: 'Life Orb',
    level: 79,
  },
  {
    name: 'Rampardos',
    species: 'Rampardos',
    gender: '',
    moves: [ 'icebeam', 'firepunch', 'rockpolish', 'stoneedge' ],
    ability: 'Mold Breaker',
    evs: { hp: 85, atk: 85, def: 85, spa: 85, spd: 85, spe: 85 },
    ivs: { hp: 31, atk: 31, def: 31, spa: 31, spd: 31, spe: 31 },
    item: 'Life Orb',
    level: 83,
  },
  {
    name: 'Primeape',
    species: 'Primeape',
    gender: '',
    moves: [ 'stoneedge', 'punishment', 'closecombat', 'uturn' ],
    ability: 'Vital Spirit',
    evs: { hp: 85, atk: 85, def: 85, spa: 85, spd: 85, spe: 85 },
    ivs: { hp: 31, atk: 31, def: 31, spa: 31, spd: 31, spe: 31 },
    item: 'Choice Band',
    level: 79,
  },
  {
    name: 'Bellossom',
    species: 'Bellossom',
    gender: '',
    moves: [ 'moonlight', 'sleeppowder', 'sludgebomb', 'leafstorm' ],
    ability: 'Chlorophyll',
    evs: { hp: 85, atk: 0, def: 85, spa: 85, spd: 85, spe: 85 },
    ivs: { hp: 31, atk: 0, def: 31, spa: 31, spd: 31, spe: 31 },
    item: 'Leftovers',
    level: 83,
  {
    name: 'Tentacruel',
    species: 'Tentacruel',
    gender: '',
    moves: [ 'rapidspin', 'hydropump', 'icebeam', 'toxicspikes' ],
    ability: 'Liquid Ooze',
    evs: { hp: 85, atk: 85, def: 85, spa: 85, spd: 85, spe: 85 },
    ivs: { hp: 31, atk: 31, def: 31, spa: 31, spd: 31, spe: 31 },
    item: 'Black Sludge',
    level: 75,
  },
  {
    name: 'Swampert',
    species: 'Swampert',
    gender: '',
    moves: [ 'icepunch', 'waterfall', 'stealthrock', 'earthquake' ],
    ability: 'Torrent',
    evs: { hp: 85, atk: 85, def: 85, spa: 85, spd: 85, spe: 85 },
    ivs: { hp: 31, atk: 31, def: 31, spa: 31, spd: 31, spe: 31 },
    item: 'Leftovers',
    level: 75,
  },
  {
    name: 'Corsola',
    species: 'Corsola',
    gender: '',
    moves: [ 'stealthrock', 'reflect', 'surf', 'recover' ],
    ability: 'Natural Cure',
    evs: { hp: 85, atk: 0, def: 85, spa: 85, spd: 85, spe: 85 },
    ivs: { hp: 31, atk: 0, def: 31, spa: 31, spd: 31, spe: 31 },
    item: 'Leftovers',
    level: 83,
  },
  {
    name: 'Arbok',
    species: 'Arbok',
    gender: '',
    moves: [ 'gunkshot', 'crunch', 'seedbomb', 'glare' ],
    ability: 'Intimidate',
    evs: { hp: 85, atk: 85, def: 85, spa: 85, spd: 85, spe: 85 },
    ivs: { hp: 31, atk: 31, def: 31, spa: 31, spd: 31, spe: 31 },
    item: 'Life Orb',
    level: 83,
  },
  {
    name: 'Wigglytuff',
    species: 'Wigglytuff',
    gender: '',
    moves: [ 'fireblast', 'bodyslam', 'healbell', 'thunderwave' ],
    ability: 'Cute Charm',
    evs: { hp: 85, atk: 85, def: 85, spa: 85, spd: 85, spe: 85 },
    ivs: { hp: 31, atk: 31, def: 31, spa: 31, spd: 31, spe: 31 },
    item: 'Leftovers',
    level: 83,
  },
  {
    name: 'Sceptile',
    species: 'Sceptile',
    gender: '',
    moves: [ 'hiddenpowerice', 'leechseed', 'focusblast', 'energyball' ],
    ability: 'Overgrow',
    evs: { hp: 85, atk: 0, def: 85, spa: 85, spd: 85, spe: 85 },
    ivs: { hp: 31, atk: 3, def: 31, spa: 31, spd: 31, spe: 31 },
    item: 'Leftovers',
    level: 79,
  {
    name: 'Armaldo',
    species: 'Armaldo',
    gender: '',
    moves: [ 'swordsdance', 'rapidspin', 'stoneedge', 'xscissor' ],
    ability: 'Battle Armor',
    evs: { hp: 81, atk: 85, def: 85, spa: 85, spd: 85, spe: 85 },
    ivs: { hp: 31, atk: 31, def: 31, spa: 31, spd: 31, spe: 31 },
    item: 'Leftovers',
    level: 83,
  },
  {
    name: 'Xatu',
    species: 'Xatu',
    gender: '',
    moves: [ 'grassknot', 'roost', 'heatwave', 'psychic' ],
    ability: 'Synchronize',
    evs: { hp: 81, atk: 0, def: 85, spa: 85, spd: 85, spe: 85 },
    ivs: { hp: 31, atk: 0, def: 31, spa: 31, spd: 31, spe: 31 },
    item: 'Life Orb',
    level: 83,
  },
  {
    name: 'Manectric',
    species: 'Manectric',
    gender: '',
    moves: [ 'overheat', 'switcheroo', 'thunderbolt', 'hiddenpowergrass' ],
    ability: 'Static',
    evs: { hp: 85, atk: 0, def: 85, spa: 85, spd: 85, spe: 85 },
    ivs: { hp: 31, atk: 0, def: 31, spa: 31, spd: 31, spe: 31 },
    item: 'Choice Specs',
    level: 83,
  },
  {
    name: 'Swalot',
    species: 'Swalot',
    gender: '',
    moves: [ 'toxic', 'earthquake', 'sludgebomb', 'icebeam' ],
    ability: 'Sticky Hold',
    evs: { hp: 85, atk: 85, def: 85, spa: 85, spd: 85, spe: 85 },
    ivs: { hp: 31, atk: 31, def: 31, spa: 31, spd: 31, spe: 31 },
    item: 'Black Sludge',
    level: 83,
  },
  {
    name: 'Heatran',
    species: 'Heatran',
    gender: '',
    moves: [ 'earthpower', 'hiddenpowergrass', 'explosion', 'lavaplume' ],
    ability: 'Flash Fire',
    evs: { hp: 85, atk: 85, def: 85, spa: 85, spd: 85, spe: 85 },
    ivs: { hp: 31, atk: 31, def: 31, spa: 31, spd: 31, spe: 31 },
    item: 'Life Orb',
    level: 75,
  },
  {
    name: 'Solrock',
    species: 'Solrock',
    gender: 'N',
    moves: [ 'earthquake', 'stoneedge', 'rockpolish', 'explosion' ],
    ability: 'Levitate',
    evs: { hp: 85, atk: 85, def: 85, spa: 85, spd: 85, spe: 85 },
    ivs: { hp: 31, atk: 31, def: 31, spa: 31, spd: 31, spe: 31 },
    item: 'Life Orb',
    level: 83,
  {
    name: 'Castform',
    species: 'Castform',
    gender: '',
    moves: [ 'energyball', 'fireblast', 'icebeam', 'shadowball' ],
    ability: 'Forecast',
    evs: { hp: 85, atk: 0, def: 85, spa: 85, spd: 85, spe: 85 },
    ivs: { hp: 31, atk: 0, def: 31, spa: 31, spd: 31, spe: 31 },
    item: 'Choice Scarf',
    level: 83,
  },
  {
    name: 'Dugtrio',
    species: 'Dugtrio',
    gender: '',
    moves: [ 'substitute', 'earthquake', 'suckerpunch', 'stoneedge' ],
    ability: 'Arena Trap',
    evs: { hp: 85, atk: 85, def: 85, spa: 85, spd: 85, spe: 85 },
    ivs: { hp: 31, atk: 31, def: 31, spa: 31, spd: 31, spe: 31 },
    item: 'Life Orb',
    level: 79,
  },
  {
    name: 'Victreebel',
    species: 'Victreebel',
    gender: '',
    moves: [ 'suckerpunch', 'leafblade', 'leafstorm', 'sludgebomb' ],
    ability: 'Chlorophyll',
    evs: { hp: 85, atk: 85, def: 85, spa: 85, spd: 85, spe: 85 },
    ivs: { hp: 31, atk: 31, def: 31, spa: 31, spd: 31, spe: 31 },
    item: 'Life Orb',
    level: 83,
  },
  {
    name: 'Chatot',
    species: 'Chatot',
    gender: '',
    moves: [ 'hiddenpowergrass', 'hypervoice', 'heatwave', 'nastyplot' ],
    ability: 'Keen Eye',
    evs: { hp: 85, atk: 0, def: 85, spa: 85, spd: 85, spe: 85 },
    ivs: { hp: 31, atk: 3, def: 31, spa: 31, spd: 31, spe: 31 },
    item: 'Life Orb',
    level: 83,
  },
  {
    name: 'Kricketune',
    species: 'Kricketune',
    gender: '',
    moves: [ 'brickbreak', 'return', 'swordsdance', 'xscissor' ],
    ability: 'Swarm',
    evs: { hp: 85, atk: 85, def: 85, spa: 85, spd: 85, spe: 85 },
    ivs: { hp: 31, atk: 31, def: 31, spa: 31, spd: 31, spe: 31 },
    item: 'Life Orb',
    level: 83,
  },
  {
    name: 'Gliscor',
    species: 'Gliscor',
    gender: '',
    moves: [ 'roost', 'earthquake', 'taunt', 'stealthrock' ],
    ability: 'Hyper Cutter',
    evs: { hp: 85, atk: 85, def: 85, spa: 85, spd: 85, spe: 85 },
    ivs: { hp: 31, atk: 31, def: 31, spa: 31, spd: 31, spe: 31 },
    item: 'Leftovers',
    level: 75,
  {
    name: 'Regigigas',
    species: 'Regigigas',
    gender: 'N',
    moves: [ 'confuseray', 'substitute', 'toxic', 'return' ],
    ability: 'Slow Start',
    evs: { hp: 85, atk: 85, def: 85, spa: 85, spd: 85, spe: 85 },
    ivs: { hp: 31, atk: 31, def: 31, spa: 31, spd: 31, spe: 31 },
    item: 'Leftovers',
    level: 83,
  },
  {
    name: 'Pelipper',
    species: 'Pelipper',
    gender: '',
    moves: [ 'uturn', 'hiddenpowergrass', 'surf', 'toxic' ],
    ability: 'Keen Eye',
    evs: { hp: 85, atk: 85, def: 85, spa: 85, spd: 85, spe: 85 },
    ivs: { hp: 31, atk: 31, def: 31, spa: 31, spd: 31, spe: 31 },
    item: 'Life Orb',
    level: 83,
  },
  {
    name: 'Butterfree',
    species: 'Butterfree',
    gender: '',
    moves: [ 'safeguard', 'uturn', 'stunspore', 'sleeppowder' ],
    ability: 'Compound Eyes',
    evs: { hp: 85, atk: 85, def: 85, spa: 85, spd: 85, spe: 85 },
    ivs: { hp: 31, atk: 31, def: 31, spa: 31, spd: 31, spe: 31 },
    item: 'Leftovers',
    level: 83,
  },
  {
    name: 'Ariados',
    species: 'Ariados',
    gender: '',
    moves: [ 'poisonjab', 'suckerpunch', 'bugbite', 'shadowsneak' ],
    ability: 'Insomnia',
    evs: { hp: 81, atk: 85, def: 85, spa: 85, spd: 85, spe: 85 },
    ivs: { hp: 31, atk: 31, def: 31, spa: 31, spd: 31, spe: 31 },
    item: 'Life Orb',
    level: 83,
  },
  {
    name: 'Honchkrow',
    species: 'Honchkrow',
    gender: '',
    moves: [ 'bravebird', 'pursuit', 'heatwave', 'suckerpunch' ],
    ability: 'Insomnia',
    evs: { hp: 85, atk: 85, def: 85, spa: 85, spd: 85, spe: 85 },
    ivs: { hp: 31, atk: 31, def: 31, spa: 31, spd: 31, spe: 31 },
    item: 'Life Orb',
    level: 77,
  },
  {
    name: 'Deoxys',
    species: 'Deoxys-Attack',
    gender: 'N',
    moves: [ 'hiddenpowerfire', 'stealthrock', 'icebeam', 'psychoboost' ],
    ability: 'Pressure',
    evs: { hp: 85, atk: 0, def: 85, spa: 85, spd: 85, spe: 85 },
    ivs: { hp: 31, atk: 3, def: 31, spa: 31, spd: 31, spe: 31 },
    item: 'Life Orb',
    level: 71,
  {
    name: 'Poliwrath',
    species: 'Poliwrath',
    gender: '',
    moves: [ 'substitute', 'toxic', 'brickbreak', 'waterfall' ],
    ability: 'Water Absorb',
    evs: { hp: 85, atk: 85, def: 85, spa: 85, spd: 85, spe: 85 },
    ivs: { hp: 31, atk: 31, def: 31, spa: 31, spd: 31, spe: 31 },
    item: 'Leftovers',
    level: 83,
  },
  {
    name: 'Tropius',
    species: 'Tropius',
    gender: '',
    moves: [ 'swordsdance', 'aerialace', 'leafblade', 'earthquake' ],
    ability: 'Chlorophyll',
    evs: { hp: 81, atk: 85, def: 85, spa: 85, spd: 85, spe: 85 },
    ivs: { hp: 31, atk: 31, def: 31, spa: 31, spd: 31, spe: 31 },
    item: 'Leftovers',
    level: 83,
  },
  {
    name: 'Venomoth',
    species: 'Venomoth',
    gender: '',
    moves: [ 'toxicspikes', 'sleeppowder', 'psychic', 'bugbuzz' ],
    ability: 'Tinted Lens',
    evs: { hp: 81, atk: 0, def: 85, spa: 85, spd: 85, spe: 85 },
    ivs: { hp: 31, atk: 0, def: 31, spa: 31, spd: 31, spe: 31 },
    item: 'Black Sludge',
    level: 83,
  },
  {
    name: 'Probopass',
    species: 'Probopass',
    gender: '',
    moves: [ 'powergem', 'thunderwave', 'earthpower', 'stealthrock' ],
    ability: 'Magnet Pull',
    evs: { hp: 85, atk: 0, def: 85, spa: 85, spd: 85, spe: 85 },
    ivs: { hp: 31, atk: 0, def: 31, spa: 31, spd: 31, spe: 31 },
    item: 'Leftovers',
    level: 83,
  },
  {
    name: 'Azelf',
    species: 'Azelf',
    gender: 'N',
    moves: [ 'thunderbolt', 'hiddenpowerfighting', 'nastyplot', 'psychic' ],
    ability: 'Levitate',
    evs: { hp: 85, atk: 0, def: 85, spa: 85, spd: 85, spe: 85 },
    ivs: { hp: 31, atk: 3, def: 31, spa: 31, spd: 31, spe: 31 },
    item: 'Life Orb',
    level: 75,
  },
  {
    name: 'Wigglytuff',
    species: 'Wigglytuff',
    gender: '',
    moves: [ 'fireblast', 'bodyslam', 'healbell', 'seismictoss' ],
    ability: 'Cute Charm',
    evs: { hp: 85, atk: 85, def: 85, spa: 85, spd: 85, spe: 85 },
    ivs: { hp: 31, atk: 31, def: 31, spa: 31, spd: 31, spe: 31 },
    item: 'Leftovers',
    level: 83,
  {
    name: 'Cacturne',
    species: 'Cacturne',
    gender: '',
    moves: [ 'encore', 'substitute', 'focuspunch', 'seedbomb' ],
    ability: 'Sand Veil',
    evs: { hp: 85, atk: 85, def: 85, spa: 85, spd: 85, spe: 85 },
    ivs: { hp: 31, atk: 31, def: 31, spa: 31, spd: 31, spe: 31 },
    item: 'Leftovers',
    level: 83,
  },
  {
    name: 'Hitmonchan',
    species: 'Hitmonchan',
    gender: 'M',
    moves: [ 'rapidspin', 'stoneedge', 'closecombat', 'icepunch' ],
    ability: 'Iron Fist',
    evs: { hp: 85, atk: 85, def: 85, spa: 85, spd: 85, spe: 85 },
    ivs: { hp: 31, atk: 31, def: 31, spa: 31, spd: 31, spe: 31 },
    item: 'Life Orb',
    level: 83,
  },
  {
    name: 'Swampert',
    species: 'Swampert',
    gender: '',
    moves: [ 'earthquake', 'roar', 'stealthrock', 'waterfall' ],
    ability: 'Torrent',
    evs: { hp: 85, atk: 85, def: 85, spa: 85, spd: 85, spe: 85 },
    ivs: { hp: 31, atk: 31, def: 31, spa: 31, spd: 31, spe: 31 },
    item: 'Leftovers',
    level: 75,
  },
  {
    name: 'Breloom',
    species: 'Breloom',
    gender: '',
    moves: [ 'swordsdance', 'seedbomb', 'stoneedge', 'focuspunch' ],
    ability: 'Poison Heal',
    evs: { hp: 85, atk: 85, def: 85, spa: 85, spd: 85, spe: 85 },
    ivs: { hp: 31, atk: 31, def: 31, spa: 31, spd: 31, spe: 31 },
    item: 'Toxic Orb',
    level: 75,
  },
  {
    name: 'Mawile',
    species: 'Mawile',
    gender: '',
    moves: [ 'substitute', 'batonpass', 'suckerpunch', 'ironhead' ],
    ability: 'Intimidate',
    evs: { hp: 85, atk: 85, def: 85, spa: 85, spd: 85, spe: 85 },
    ivs: { hp: 31, atk: 31, def: 31, spa: 31, spd: 31, spe: 31 },
    item: 'Leftovers',
    level: 83,
  },
  {
    name: 'Ariados',
    species: 'Ariados',
    gender: '',
    moves: [ 'shadowsneak', 'toxicspikes', 'bugbite', 'suckerpunch' ],
    ability: 'Swarm',
    evs: { hp: 81, atk: 85, def: 85, spa: 85, spd: 85, spe: 85 },
    ivs: { hp: 31, atk: 31, def: 31, spa: 31, spd: 31, spe: 31 },
    item: 'Life Orb',
    level: 83,
  {
    name: 'Manectric',
    species: 'Manectric',
    gender: '',
    moves: [ 'flamethrower', 'overheat', 'hiddenpowergrass', 'thunderbolt' ],
    ability: 'Static',
    evs: { hp: 85, atk: 0, def: 85, spa: 85, spd: 85, spe: 85 },
    ivs: { hp: 31, atk: 3, def: 31, spa: 31, spd: 31, spe: 31 },
    item: 'Choice Scarf',
    level: 83,
  },
  {
    name: 'Zapdos',
    species: 'Zapdos',
    gender: 'N',
    moves: [ 'uturn', 'thunderbolt', 'heatwave', 'toxic' ],
    ability: 'Pressure',
    evs: { hp: 85, atk: 85, def: 85, spa: 85, spd: 85, spe: 85 },
    ivs: { hp: 31, atk: 31, def: 31, spa: 31, spd: 31, spe: 31 },
    item: 'Leftovers',
    level: 75,
  },
  {
    name: 'Regigigas',
    species: 'Regigigas',
    gender: 'N',
    moves: [ 'confuseray', 'toxic', 'substitute', 'return' ],
    ability: 'Slow Start',
    evs: { hp: 85, atk: 85, def: 85, spa: 85, spd: 85, spe: 85 },
    ivs: { hp: 31, atk: 31, def: 31, spa: 31, spd: 31, spe: 31 },
    item: 'Leftovers',
    level: 83,
  },
  {
    name: 'Arbok',
    species: 'Arbok',
    gender: '',
    moves: [ 'glare', 'aquatail', 'earthquake', 'poisonjab' ],
    ability: 'Intimidate',
    evs: { hp: 85, atk: 85, def: 85, spa: 85, spd: 85, spe: 85 },
    ivs: { hp: 31, atk: 31, def: 31, spa: 31, spd: 31, spe: 31 },
    item: 'Life Orb',
    level: 83,
  },
  {
    name: 'Mr. Mime',
    species: 'Mr. Mime',
    gender: '',
    moves: [ 'taunt', 'nastyplot', 'thunderbolt', 'psychic' ],
    ability: 'Filter',
    evs: { hp: 85, atk: 0, def: 85, spa: 85, spd: 85, spe: 85 },
    ivs: { hp: 31, atk: 0, def: 31, spa: 31, spd: 31, spe: 31 },
    item: 'Leftovers',
    level: 83,
  },
  {
    name: 'Nidoqueen',
    species: 'Nidoqueen',
    gender: 'F',
    moves: [ 'fireblast', 'stealthrock', 'icebeam', 'earthquake' ],
    ability: 'Poison Point',
    evs: { hp: 85, atk: 85, def: 85, spa: 85, spd: 85, spe: 85 },
    ivs: { hp: 31, atk: 31, def: 31, spa: 31, spd: 31, spe: 31 },
    item: 'Black Sludge',
    level: 83,
  {
    name: 'Vaporeon',
    species: 'Vaporeon',
    gender: '',
    moves: [ 'icebeam', 'wish', 'protect', 'surf' ],
    ability: 'Water Absorb',
    evs: { hp: 85, atk: 0, def: 85, spa: 85, spd: 85, spe: 85 },
    ivs: { hp: 31, atk: 0, def: 31, spa: 31, spd: 31, spe: 31 },
    item: 'Leftovers',
    level: 75,
  },
  {
    name: 'Sandslash',
    species: 'Sandslash',
    gender: '',
    moves: [ 'swordsdance', 'stoneedge', 'earthquake', 'nightslash' ],
    ability: 'Sand Veil',
    evs: { hp: 85, atk: 85, def: 85, spa: 85, spd: 85, spe: 85 },
    ivs: { hp: 31, atk: 31, def: 31, spa: 31, spd: 31, spe: 31 },
    item: 'Leftovers',
    level: 83,
  },
  {
    name: 'Mightyena',
    species: 'Mightyena',
    gender: '',
    moves: [ 'toxic', 'taunt', 'superfang', 'suckerpunch' ],
    ability: 'Intimidate',
    evs: { hp: 85, atk: 85, def: 85, spa: 85, spd: 85, spe: 85 },
    ivs: { hp: 31, atk: 31, def: 31, spa: 31, spd: 31, spe: 31 },
    item: 'Leftovers',
    level: 83,
  },
  {
    name: 'Registeel',
    species: 'Registeel',
    gender: 'N',
    moves: [ 'stealthrock', 'toxic', 'thunderwave', 'ironhead' ],
    ability: 'Clear Body',
    evs: { hp: 85, atk: 85, def: 85, spa: 85, spd: 85, spe: 85 },
    ivs: { hp: 31, atk: 31, def: 31, spa: 31, spd: 31, spe: 31 },
    item: 'Leftovers',
    level: 79,
  },
  {
    name: 'Rhyperior',
    species: 'Rhyperior',
    gender: '',
    moves: [ 'stoneedge', 'rockpolish', 'icepunch', 'earthquake' ],
    ability: 'Solid Rock',
    evs: { hp: 85, atk: 85, def: 85, spa: 85, spd: 85, spe: 85 },
    ivs: { hp: 31, atk: 31, def: 31, spa: 31, spd: 31, spe: 31 },
    item: 'Life Orb',
    level: 79,
  },
  {
    name: 'Staraptor',
    species: 'Staraptor',
    gender: '',
    moves: [ 'quickattack', 'roost', 'return', 'bravebird' ],
    ability: 'Intimidate',
    evs: { hp: 85, atk: 85, def: 85, spa: 85, spd: 85, spe: 85 },
    ivs: { hp: 31, atk: 31, def: 31, spa: 31, spd: 31, spe: 31 },
    item: 'Life Orb',
    level: 77,
