Qwilfish
Luvdisc
Heracross
Swellow
Abomasnow
Torkoal
Whiscash
Carnivine
Huntail
Moltres
Jolteon
Glaceon
Armaldo
Kabutops
Magnezone
Houndoom
Machamp
Mr. Mime
Rotom
Ludicolo
Hippowdon
Articuno
Furret
Hitmontop
Jumpluff
Heatran
Exeggutor
Rampardos
Regice
Medicham
Raticate
Suicune
Pelipper
Shiftry
Zapdos
Deoxys
Octillery
Weezing
Regigigas
Pidgeot
Blaziken
Slaking
Electrode
Camerupt
Gorebyss
Flareon
Purugly
Charizard
Donphan
Weavile
Mightyena
Clefable
Bellossom
Swalot
Mothim
Dusknoir
Chatot
Chimecho
Golduck
Cradily
Infernape
Yanmega
Gastrodon
Kricketune
Lapras
Gliscor
Ditto
Kyogre
Drapion
Unown
Mismagius
Espeon
Ariados
Ambipom
Kingdra
Dialga
Shuckle
Dodrio
Relicanth
Altaria
Shedinja
Probopass
Garchomp
Slowbro
Rayquaza
Victreebel
Skuntank
Wormadam
Tentacruel
Rhyperior
Vespiquen
Crobat
Seaking
Dewgong
Empoleon
Delcatty
Sudowoodo
Registeel
Sceptile
Golem
Torterra
Arcanine
Ninjask
Pinsir
Wobbuffet
Milotic
Beedrill
Staraptor
Umbreon
Wailord
Drifblim
Dustox
Celebi
Nidoking
Exploud
Dugtrio
Salamence
Manaphy
Starmie
Toxicroak
Darkrai
Froslass
Solrock
Corsola
Slowking
Spinda
Banette
Stantler
Raikou
Beautifly
Porygon2
Volbeat
Raichu
Roserade
Minun
Arceus
Mawile
Delibird
Jirachi
Politoed
Masquerain
Hypno
Aerodactyl
Flygon
Snorlax
Wigglytuff
Azelf
Lunatone
Cherrim
Metagross
Gyarados
Scyther
Blissey
Scizor
Leafeon
Girafarig
Muk
Meganium
Mewtwo
Dunsparce
Sandslash
Miltank
Poliwrath
Sableye
Giratina
Lopunny
Bastiodon
Parasect
Venomoth
Cresselia
Seviper
Mamoswine
Shaymin
Phione
Xatu
Grumpig
Vaporeon
Gallade
Honchkrow
Magcargo
Illumise
Tangrowth
Lanturn
Tyranitar
Bronzong
Porygon-Z
Regirock
Arbok
Mesprit
Hitmonchan
Glalie
Tropius
Pachirisu
Lumineon
Gardevoir
Manectric
Magmortar
Bibarel
Electivire
Vigoroth
Tauros
Zangoose
Lugia
Alakazam
Butterfree
Persian
Mew
Typhlosion
Groudon
Steelix
Jynx
Smeargle
Sharpedo
Forretress
Blastoise
Kecleon
Latias
Ledian
Swampert
Luxray
Breloom
Crawdaunt
Primeape
Farfetch’d
Entei
Azumarill
Mantine
Vileplume
Aggron
Noctowl
Sunflora
Cloyster
Feraligatr
Palkia
Gengar
Nidoqueen
Uxie
Skarmory
Spiritomb
Togekiss
Hariyama
Kingler
Kangaskhan
Hitmonlee
Ninetales
Claydol
Floatzel
Omastar
Cacturne
Venusaur
Rapidash
Ursaring
Linoone
Ho-Oh
Lucario
Castform
Marowak
Walrein
Fearow
Lickilicky
Granbull
Dragonite
Latios
Quagsire
Absol
Plusle
Ampharos
267 unique pokemon names found out of 30294 generated pokemon
