Diancie was generated 182 out of 94500
Greedent was generated 207 out of 94500
Sandslash was generated 515 out of 94500
Umbreon was generated 179 out of 94500
Turtonator was generated 293 out of 94500
Sharpedo was generated 269 out of 94500
Coalossal was generated 344 out of 94500
Togekiss was generated 265 out of 94500
Avalugg was generated 236 out of 94500
Corsola was generated 402 out of 94500
Necrozma was generated 770 out of 94500
hooh was generated 183 out of 94500
Moltres was generated 193 out of 94500
Eldegoss was generated 204 out of 94500
Lunala was generated 303 out of 94500
Excadrill was generated 259 out of 94500
Espeon was generated 185 out of 94500
Palossand was generated 246 out of 94500
Rapidash was generated 448 out of 94500
Gastrodon was generated 190 out of 94500
Maractus was generated 243 out of 94500
Celesteela was generated 190 out of 94500
Gourgeist was generated 488 out of 94500
Garbodor was generated 322 out of 94500
Rhyperior was generated 189 out of 94500
Slowbro was generated 414 out of 94500
Kartana was generated 181 out of 94500
Meowstic was generated 492 out of 94500
Noivern was generated 245 out of 94500
Throh was generated 250 out of 94500
Gallade was generated 288 out of 94500
Weezing was generated 498 out of 94500
Zarude was generated 267 out of 94500
Lanturn was generated 250 out of 94500
Barraskewda was generated 160 out of 94500
Regice was generated 195 out of 94500
Darmanitan was generated 545 out of 94500
Stunfisk was generated 499 out of 94500
Dunsparce was generated 219 out of 94500
Tornadus was generated 364 out of 94500
Sableye was generated 233 out of 94500
Tauros was generated 194 out of 94500
Noctowl was generated 304 out of 94500
Zoroark was generated 244 out of 94500
Omastar was generated 179 out of 94500
Quagsire was generated 206 out of 94500
Ludicolo was generated 247 out of 94500
Naganadel was generated 210 out of 94500
Silvally was generated 263 out of 94500
Hitmonlee was generated 201 out of 94500
Magnezone was generated 252 out of 94500
Boltund was generated 246 out of 94500
Guzzlord was generated 195 out of 94500
Buzzwole was generated 182 out of 94500
Scizor was generated 239 out of 94500
Regigigas was generated 192 out of 94500
Charizard was generated 212 out of 94500
Passimian was generated 206 out of 94500
mrmime was generated 499 out of 94500
Nidoking was generated 189 out of 94500
Mewtwo was generated 251 out of 94500
Roserade was generated 258 out of 94500
Klefki was generated 198 out of 94500
Hippowdon was generated 255 out of 94500
Leafeon was generated 264 out of 94500
Suicune was generated 184 out of 94500
Abomasnow was generated 244 out of 94500
Nidoqueen was generated 203 out of 94500
Poliwrath was generated 201 out of 94500
Incineroar was generated 249 out of 94500
Gurdurr was generated 226 out of 94500
Talonflame was generated 230 out of 94500
Comfey was generated 206 out of 94500
Zamazenta was generated 306 out of 94500
Miltank was generated 218 out of 94500
Tangrowth was generated 247 out of 94500
Lugia was generated 189 out of 94500
Magearna was generated 291 out of 94500
Heracross was generated 252 out of 94500
Stakataka was generated 192 out of 94500
Amoonguss was generated 254 out of 94500
Hitmonchan was generated 252 out of 94500
Raichu was generated 519 out of 94500
Qwilfish was generated 233 out of 94500
Heatmor was generated 252 out of 94500
Sceptile was generated 166 out of 94500
Gyarados was generated 312 out of 94500
Exeggutor was generated 515 out of 94500
Eiscue was generated 235 out of 94500
Druddigon was generated 232 out of 94500
Klinklang was generated 261 out of 94500
Cursola was generated 299 out of 94500
Morpeko was generated 257 out of 94500
Wishiwashi was generated 235 out of 94500
Dragonite was generated 188 out of 94500
Arctovish was generated 234 out of 94500
Heliolisk was generated 215 out of 94500
Toxapex was generated 242 out of 94500
Grapploct was generated 212 out of 94500
Cradily was generated 175 out of 94500
tapukoko was generated 204 out of 94500
Toxicroak was generated 239 out of 94500
Appletun was generated 278 out of 94500
Marowak was generated 519 out of 94500
Reshiram was generated 278 out of 94500
Nihilego was generated 203 out of 94500
Froslass was generated 240 out of 94500
Wobbuffet was generated 240 out of 94500
Bewear was generated 204 out of 94500
Dragalge was generated 235 out of 94500
Crustle was generated 274 out of 94500
Xurkitree was generated 189 out of 94500
Mienshao was generated 237 out of 94500
Wailord was generated 225 out of 94500
Aggron was generated 193 out of 94500
Basculin was generated 237 out of 94500
Drapion was generated 227 out of 94500
Malamar was generated 222 out of 94500
Lunatone was generated 253 out of 94500
Lycanroc was generated 734 out of 94500
Linoone was generated 270 out of 94500
Porygon-Z was generated 201 out of 94500
Xerneas was generated 196 out of 94500
Vikavolt was generated 211 out of 94500
Weavile was generated 333 out of 94500
Lopunny was generated 229 out of 94500
Torkoal was generated 250 out of 94500
Milotic was generated 166 out of 94500
Terrakion was generated 234 out of 94500
Cryogonal was generated 211 out of 94500
Scrafty was generated 215 out of 94500
Kingler was generated 283 out of 94500
Jynx was generated 182 out of 94500
Thievul was generated 335 out of 94500
Golurk was generated 287 out of 94500
Solrock was generated 236 out of 94500
kommoo was generated 286 out of 94500
Persian was generated 490 out of 94500
Falinks was generated 250 out of 94500
Beheeyem was generated 222 out of 94500
Carbink was generated 192 out of 94500
Flapple was generated 322 out of 94500
Emolga was generated 264 out of 94500
Flygon was generated 244 out of 94500
Oranguru was generated 260 out of 94500
Slurpuff was generated 254 out of 94500
Togedemaru was generated 224 out of 94500
Chandelure was generated 272 out of 94500
Carracosta was generated 169 out of 94500
Cinccino was generated 178 out of 94500
Sandaconda was generated 251 out of 94500
Perrserker was generated 274 out of 94500
Electivire was generated 180 out of 94500
Doublade was generated 264 out of 94500
Cherrim was generated 258 out of 94500
Ferrothorn was generated 253 out of 94500
Mamoswine was generated 247 out of 94500
Sirfetch’d was generated 299 out of 94500
Hatterene was generated 283 out of 94500
Glaceon was generated 270 out of 94500
Snorlax was generated 223 out of 94500
Crawdaunt was generated 235 out of 94500
Tsareena was generated 232 out of 94500
Machamp was generated 284 out of 94500
Mesprit was generated 182 out of 94500
Swampert was generated 170 out of 94500
Lapras was generated 285 out of 94500
Thundurus was generated 349 out of 94500
mrrime was generated 254 out of 94500
Bellossom was generated 237 out of 94500
Kangaskhan was generated 245 out of 94500
Ninjask was generated 243 out of 94500
Vaporeon was generated 193 out of 94500
Azelf was generated 170 out of 94500
Rotom was generated 1435 out of 94500
Groudon was generated 75 out of 94500
Zygarde was generated 389 out of 94500
Cobalion was generated 236 out of 94500
Cresselia was generated 195 out of 94500
Vanilluxe was generated 208 out of 94500
Venusaur was generated 241 out of 94500
Manectric was generated 228 out of 94500
Mudsdale was generated 211 out of 94500
Farfetch’d was generated 259 out of 94500
Reuniclus was generated 261 out of 94500
Decidueye was generated 234 out of 94500
Giratina was generated 194 out of 94500
tapulele was generated 174 out of 94500
Grimmsnarl was generated 277 out of 94500
Zacian was generated 265 out of 94500
Claydol was generated 207 out of 94500
Armaldo was generated 173 out of 94500
Galvantula was generated 188 out of 94500
Ribombee was generated 222 out of 94500
Sudowoodo was generated 259 out of 94500
Tentacruel was generated 240 out of 94500
Alakazam was generated 232 out of 94500
Duraludon was generated 220 out of 94500
Mimikyu was generated 258 out of 94500
Aromatisse was generated 231 out of 94500
Starmie was generated 241 out of 94500
Cinderace was generated 291 out of 94500
Jellicent was generated 202 out of 94500
Unfezant was generated 234 out of 94500
Accelgor was generated 236 out of 94500
Mawile was generated 260 out of 94500
Toxtricity was generated 259 out of 94500
Dedenne was generated 249 out of 94500
Victini was generated 175 out of 94500
Xatu was generated 183 out of 94500
Haxorus was generated 313 out of 94500
tapubulu was generated 200 out of 94500
Blissey was generated 254 out of 94500
Butterfree was generated 287 out of 94500
Swoobat was generated 235 out of 94500
Skuntank was generated 263 out of 94500
Shuckle was generated 269 out of 94500
Beartic was generated 251 out of 94500
Virizion was generated 226 out of 94500
Skarmory was generated 234 out of 94500
Alcremie was generated 288 out of 94500
Musharna was generated 236 out of 94500
Yveltal was generated 180 out of 94500
Altaria was generated 176 out of 94500
Vileplume was generated 184 out of 94500
Araquanid was generated 213 out of 94500
Drifblim was generated 272 out of 94500
Polteageist was generated 230 out of 94500
Dialga was generated 192 out of 94500
Scolipede was generated 322 out of 94500
Kabutops was generated 178 out of 94500
Salamence was generated 187 out of 94500
Tyrantrum was generated 173 out of 94500
Celebi was generated 223 out of 94500
Dragapult was generated 241 out of 94500
Steelix was generated 202 out of 94500
Frosmoth was generated 207 out of 94500
Lucario was generated 278 out of 94500
Clefable was generated 260 out of 94500
Luxray was generated 237 out of 94500
Sylveon was generated 256 out of 94500
Volcarona was generated 258 out of 94500
Bouffalant was generated 230 out of 94500
Rillaboom was generated 231 out of 94500
Shedinja was generated 230 out of 94500
Chansey was generated 219 out of 94500
Trevenant was generated 245 out of 94500
Pelipper was generated 245 out of 94500
Hawlucha was generated 257 out of 94500
Salazzle was generated 208 out of 94500
Indeedee was generated 490 out of 94500
Corviknight was generated 265 out of 94500
Whimsicott was generated 171 out of 94500
Eternatus was generated 317 out of 94500
Inteleon was generated 210 out of 94500
Melmetal was generated 292 out of 94500
Archeops was generated 199 out of 94500
Audino was generated 181 out of 94500
Zekrom was generated 290 out of 94500
Scyther was generated 231 out of 94500
Aegislash was generated 309 out of 94500
Centiskorch was generated 201 out of 94500
Octillery was generated 219 out of 94500
Mandibuzz was generated 278 out of 94500
Zeraora was generated 233 out of 94500
Arctozolt was generated 312 out of 94500
Kyurem was generated 808 out of 94500
Rayquaza was generated 186 out of 94500
Arcanine was generated 216 out of 94500
Pheromosa was generated 178 out of 94500
Slowking was generated 227 out of 94500
Clawitzer was generated 182 out of 94500
Stonjourner was generated 254 out of 94500
Gothitelle was generated 224 out of 94500
Walrein was generated 171 out of 94500
Urshifu was generated 576 out of 94500
Diggersby was generated 312 out of 94500
Orbeetle was generated 303 out of 94500
Liepard was generated 243 out of 94500
Jirachi was generated 244 out of 94500
Crobat was generated 203 out of 94500
Flareon was generated 253 out of 94500
Latios was generated 177 out of 94500
Primarina was generated 260 out of 94500
Kingdra was generated 235 out of 94500
Sawk was generated 216 out of 94500
Dugtrio was generated 511 out of 94500
Cramorant was generated 241 out of 94500
Pangoro was generated 309 out of 94500
Keldeo was generated 264 out of 94500
Absol was generated 187 out of 94500
Whiscash was generated 214 out of 94500
Durant was generated 266 out of 94500
Uxie was generated 174 out of 94500
Gengar was generated 332 out of 94500
tapufini was generated 181 out of 94500
Aerodactyl was generated 207 out of 94500
Mew was generated 218 out of 94500
Volcanion was generated 179 out of 94500
Marshadow was generated 290 out of 94500
Escavalier was generated 207 out of 94500
Hitmontop was generated 252 out of 94500
Regirock was generated 184 out of 94500
Genesect was generated 197 out of 94500
Tyranitar was generated 255 out of 94500
Entei was generated 209 out of 94500
Ditto was generated 229 out of 94500
Aurorus was generated 197 out of 94500
Shiftry was generated 295 out of 94500
Gigalith was generated 186 out of 94500
Pikachu was generated 286 out of 94500
Zapdos was generated 178 out of 94500
Gardevoir was generated 200 out of 94500
Dracovish was generated 267 out of 94500
Relicanth was generated 157 out of 94500
Solgaleo was generated 239 out of 94500
Krookodile was generated 270 out of 94500
Lickilicky was generated 185 out of 94500
Blastoise was generated 211 out of 94500
Delibird was generated 224 out of 94500
Wigglytuff was generated 277 out of 94500
Mantine was generated 188 out of 94500
Porygon2 was generated 197 out of 94500
Ninetales was generated 480 out of 94500
Barbaracle was generated 265 out of 94500
Latias was generated 193 out of 94500
Pyukumuku was generated 216 out of 94500
Golduck was generated 213 out of 94500
Glalie was generated 226 out of 94500
Dhelmise was generated 207 out of 94500
Bronzong was generated 204 out of 94500
Drednaw was generated 224 out of 94500
Jolteon was generated 233 out of 94500
Goodra was generated 215 out of 94500
Lilligant was generated 239 out of 94500
Stoutland was generated 214 out of 94500
typenull was generated 244 out of 94500
Vespiquen was generated 202 out of 94500
Obstagoon was generated 252 out of 94500
Drampa was generated 218 out of 94500
Dusknoir was generated 256 out of 94500
Magmortar was generated 192 out of 94500
Braviary was generated 203 out of 94500
Cofagrigus was generated 264 out of 94500
Metagross was generated 168 out of 94500
Hydreigon was generated 235 out of 94500
Politoed was generated 215 out of 94500
Blacephalon was generated 175 out of 94500
Bisharp was generated 263 out of 94500
Sigilyph was generated 196 out of 94500
Golisopod was generated 209 out of 94500
Heatran was generated 184 out of 94500
Runerigus was generated 215 out of 94500
Landorus was generated 379 out of 94500
Copperajah was generated 268 out of 94500
Blaziken was generated 208 out of 94500
Dracozolt was generated 280 out of 94500
Seismitoad was generated 209 out of 94500
Exploud was generated 186 out of 94500
Palkia was generated 183 out of 94500
Pinsir was generated 250 out of 94500
Spiritomb was generated 188 out of 94500
Garchomp was generated 189 out of 94500
Cloyster was generated 213 out of 94500
Seaking was generated 242 out of 94500
Lurantis was generated 242 out of 94500
Shiinotic was generated 270 out of 94500
Dubwool was generated 228 out of 94500
Conkeldurr was generated 256 out of 94500
Azumarill was generated 263 out of 94500
Articuno was generated 190 out of 94500
Raikou was generated 189 out of 94500
Registeel was generated 182 out of 94500
Pincurchin was generated 199 out of 94500
Kyogre was generated 110 out of 94500
375
